
*** Running vivado
    with args -log design_1_enable_read_0_4.vds -m64 -product Vivado -mode batch -messageDb vivado.pb -notrace -source design_1_enable_read_0_4.tcl


****** Vivado v2019.2 (64-bit)
  **** SW Build 2708876 on Wed Nov  6 21:39:14 MST 2019
  **** IP Build 2700528 on Thu Nov  7 00:09:20 MST 2019
    ** Copyright 1986-2019 Xilinx, Inc. All Rights Reserved.

source design_1_enable_read_0_4.tcl -notrace
INFO: [IP_Flow 19-234] Refreshing IP repositories
WARNING: [IP_Flow 19-2248] Failed to load user IP repository '/users/vivado/IP/FrontPanel-Vivado-IP-Dist-v1.0.5'; Can't find the specified path.
If this directory should no longer be in your list of user repositories, go to the IP Settings dialog and remove it.
INFO: [IP_Flow 19-1700] Loaded user IP repository '/users/nalarcon/Documents/FrontPanel-Vivado-IP-Dist-v1.0.5'.
INFO: [IP_Flow 19-1700] Loaded user IP repository '/users/wstoy/Documents/vivado/IP/FrontPanel-Vivado-IP-Dist-v1.0.5'.
INFO: [IP_Flow 19-2313] Loaded Vivado IP repository '/tools/cad/xilinx/Vivado/2019.2/data/ip'.
Command: synth_design -top design_1_enable_read_0_4 -part xc7k410tffg676-1 -mode out_of_context
Starting synth_design
WARNING: [IP_Flow 19-3571] IP 'design_1_enable_read_0_4' is restricted:
* Module reference is stale and needs refreshing.
Attempting to get a license for feature 'Synthesis' and/or device 'xc7k410t'
INFO: [Common 17-349] Got license for feature 'Synthesis' and/or device 'xc7k410t'
INFO: [Common 17-1540] The version limit for your license is '2020.01' and has expired for new software. A version limit expiration means that, although you may be able to continue to use the current version of tools or IP with this license, you will not be eligible for any updates or new releases.
INFO: [Device 21-403] Loading part xc7k410tffg676-1
INFO: Launching helper process for spawning children vivado processes
INFO: Helper process launched with PID 42150 
---------------------------------------------------------------------------------
Starting RTL Elaboration : Time (s): cpu = 00:00:03 ; elapsed = 00:00:08 . Memory (MB): peak = 2062.359 ; gain = 199.668 ; free physical = 736889 ; free virtual = 755254
---------------------------------------------------------------------------------
INFO: [Synth 8-6157] synthesizing module 'design_1_enable_read_0_4' [/users/nalarcon/k410t_jesd/k410t_jesd.srcs/sources_1/bd/design_1/ip/design_1_enable_read_0_4/synth/design_1_enable_read_0_4.v:58]
INFO: [Synth 8-6157] synthesizing module 'enable_read' [/users/nalarcon/k410t_jesd/k410t_jesd.srcs/sources_1/new/enable_read.v:3]
INFO: [Synth 8-6155] done synthesizing module 'enable_read' (1#1) [/users/nalarcon/k410t_jesd/k410t_jesd.srcs/sources_1/new/enable_read.v:3]
INFO: [Synth 8-6155] done synthesizing module 'design_1_enable_read_0_4' (2#1) [/users/nalarcon/k410t_jesd/k410t_jesd.srcs/sources_1/bd/design_1/ip/design_1_enable_read_0_4/synth/design_1_enable_read_0_4.v:58]
---------------------------------------------------------------------------------
Finished RTL Elaboration : Time (s): cpu = 00:00:04 ; elapsed = 00:00:10 . Memory (MB): peak = 2128.090 ; gain = 265.398 ; free physical = 736924 ; free virtual = 755290
---------------------------------------------------------------------------------

Report Check Netlist: 
+------+------------------+-------+---------+-------+------------------+
|      |Item              |Errors |Warnings |Status |Description       |
+------+------------------+-------+---------+-------+------------------+
|1     |multi_driven_nets |      0|        0|Passed |Multi driven nets |
+------+------------------+-------+---------+-------+------------------+
---------------------------------------------------------------------------------
Start Handling Custom Attributes
---------------------------------------------------------------------------------
---------------------------------------------------------------------------------
Finished Handling Custom Attributes : Time (s): cpu = 00:00:04 ; elapsed = 00:00:11 . Memory (MB): peak = 2131.051 ; gain = 268.359 ; free physical = 736921 ; free virtual = 755287
---------------------------------------------------------------------------------
---------------------------------------------------------------------------------
Finished RTL Optimization Phase 1 : Time (s): cpu = 00:00:04 ; elapsed = 00:00:11 . Memory (MB): peak = 2131.051 ; gain = 268.359 ; free physical = 736921 ; free virtual = 755287
---------------------------------------------------------------------------------
Netlist sorting complete. Time (s): cpu = 00:00:00 ; elapsed = 00:00:00 . Memory (MB): peak = 2131.051 ; gain = 0.000 ; free physical = 736914 ; free virtual = 755280
INFO: [Project 1-570] Preparing netlist for logic optimization

Processing XDC Constraints
Initializing timing engine
Completed Processing XDC Constraints

Netlist sorting complete. Time (s): cpu = 00:00:00 ; elapsed = 00:00:00 . Memory (MB): peak = 2219.859 ; gain = 0.000 ; free physical = 736830 ; free virtual = 755196
INFO: [Project 1-111] Unisim Transformation Summary:
No Unisim elements were transformed.

WARNING: [Constraints 18-5210] No constraints selected for write.
Resolution: This message can indicate that there are no constraints for the design, or it can indicate that the used_in flags are set such that the constraints are ignored. This later case is used when running synth_design to not write synthesis constraints to the resulting checkpoint. Instead, project constraints are read when the synthesized design is opened.
Constraint Validation Runtime : Time (s): cpu = 00:00:00.07 ; elapsed = 00:00:00.21 . Memory (MB): peak = 2219.863 ; gain = 0.004 ; free physical = 736830 ; free virtual = 755195
---------------------------------------------------------------------------------
Finished Constraint Validation : Time (s): cpu = 00:00:09 ; elapsed = 00:00:18 . Memory (MB): peak = 2219.863 ; gain = 357.172 ; free physical = 736895 ; free virtual = 755261
---------------------------------------------------------------------------------
---------------------------------------------------------------------------------
Start Loading Part and Timing Information
---------------------------------------------------------------------------------
Loading part: xc7k410tffg676-1
---------------------------------------------------------------------------------
Finished Loading Part and Timing Information : Time (s): cpu = 00:00:09 ; elapsed = 00:00:18 . Memory (MB): peak = 2219.863 ; gain = 357.172 ; free physical = 736895 ; free virtual = 755261
---------------------------------------------------------------------------------
---------------------------------------------------------------------------------
Start Applying 'set_property' XDC Constraints
---------------------------------------------------------------------------------
---------------------------------------------------------------------------------
Finished applying 'set_property' XDC Constraints : Time (s): cpu = 00:00:09 ; elapsed = 00:00:18 . Memory (MB): peak = 2219.863 ; gain = 357.172 ; free physical = 736895 ; free virtual = 755261
---------------------------------------------------------------------------------
---------------------------------------------------------------------------------
Finished RTL Optimization Phase 2 : Time (s): cpu = 00:00:09 ; elapsed = 00:00:19 . Memory (MB): peak = 2219.863 ; gain = 357.172 ; free physical = 736895 ; free virtual = 755261
---------------------------------------------------------------------------------

Report RTL Partitions: 
+-+--------------+------------+----------+
| |RTL Partition |Replication |Instances |
+-+--------------+------------+----------+
+-+--------------+------------+----------+
---------------------------------------------------------------------------------
Start RTL Component Statistics 
---------------------------------------------------------------------------------
Detailed RTL Component Info : 
---------------------------------------------------------------------------------
Finished RTL Component Statistics 
---------------------------------------------------------------------------------
---------------------------------------------------------------------------------
Start RTL Hierarchical Component Statistics 
---------------------------------------------------------------------------------
Hierarchical RTL Component report 
---------------------------------------------------------------------------------
Finished RTL Hierarchical Component Statistics
---------------------------------------------------------------------------------
---------------------------------------------------------------------------------
Start Part Resource Summary
---------------------------------------------------------------------------------
Part Resources:
DSPs: 1540 (col length:140)
BRAMs: 1590 (col length: RAMB18 140 RAMB36 70)
---------------------------------------------------------------------------------
Finished Part Resource Summary
---------------------------------------------------------------------------------
---------------------------------------------------------------------------------
Start Cross Boundary and Area Optimization
---------------------------------------------------------------------------------
Warning: Parallel synthesis criteria is not met 
---------------------------------------------------------------------------------
Finished Cross Boundary and Area Optimization : Time (s): cpu = 00:00:09 ; elapsed = 00:00:19 . Memory (MB): peak = 2219.863 ; gain = 357.172 ; free physical = 736884 ; free virtual = 755253
---------------------------------------------------------------------------------

Report RTL Partitions: 
+-+--------------+------------+----------+
| |RTL Partition |Replication |Instances |
+-+--------------+------------+----------+
+-+--------------+------------+----------+
---------------------------------------------------------------------------------
Start Applying XDC Timing Constraints
---------------------------------------------------------------------------------
---------------------------------------------------------------------------------
Finished Applying XDC Timing Constraints : Time (s): cpu = 00:00:14 ; elapsed = 00:00:28 . Memory (MB): peak = 2219.863 ; gain = 357.172 ; free physical = 736764 ; free virtual = 755133
---------------------------------------------------------------------------------
---------------------------------------------------------------------------------
Start Timing Optimization
---------------------------------------------------------------------------------
---------------------------------------------------------------------------------
Finished Timing Optimization : Time (s): cpu = 00:00:14 ; elapsed = 00:00:28 . Memory (MB): peak = 2219.863 ; gain = 357.172 ; free physical = 736764 ; free virtual = 755133
---------------------------------------------------------------------------------

Report RTL Partitions: 
+-+--------------+------------+----------+
| |RTL Partition |Replication |Instances |
+-+--------------+------------+----------+
+-+--------------+------------+----------+
---------------------------------------------------------------------------------
Start Technology Mapping
---------------------------------------------------------------------------------
---------------------------------------------------------------------------------
Finished Technology Mapping : Time (s): cpu = 00:00:14 ; elapsed = 00:00:28 . Memory (MB): peak = 2219.863 ; gain = 357.172 ; free physical = 736762 ; free virtual = 755131
---------------------------------------------------------------------------------

Report RTL Partitions: 
+-+--------------+------------+----------+
| |RTL Partition |Replication |Instances |
+-+--------------+------------+----------+
+-+--------------+------------+----------+
---------------------------------------------------------------------------------
Start IO Insertion
---------------------------------------------------------------------------------
---------------------------------------------------------------------------------
Start Flattening Before IO Insertion
---------------------------------------------------------------------------------
---------------------------------------------------------------------------------
Finished Flattening Before IO Insertion
---------------------------------------------------------------------------------
---------------------------------------------------------------------------------
Start Final Netlist Cleanup
---------------------------------------------------------------------------------
---------------------------------------------------------------------------------
Finished Final Netlist Cleanup
---------------------------------------------------------------------------------
---------------------------------------------------------------------------------
Finished IO Insertion : Time (s): cpu = 00:00:17 ; elapsed = 00:00:31 . Memory (MB): peak = 2222.734 ; gain = 360.043 ; free physical = 736762 ; free virtual = 755131
---------------------------------------------------------------------------------
---------------------------------------------------------------------------------
Start Renaming Generated Instances
---------------------------------------------------------------------------------
---------------------------------------------------------------------------------
Finished Renaming Generated Instances : Time (s): cpu = 00:00:17 ; elapsed = 00:00:31 . Memory (MB): peak = 2222.734 ; gain = 360.043 ; free physical = 736762 ; free virtual = 755131
---------------------------------------------------------------------------------

Report RTL Partitions: 
+-+--------------+------------+----------+
| |RTL Partition |Replication |Instances |
+-+--------------+------------+----------+
+-+--------------+------------+----------+

Report Check Netlist: 
+------+------------------+-------+---------+-------+------------------+
|      |Item              |Errors |Warnings |Status |Description       |
+------+------------------+-------+---------+-------+------------------+
|1     |multi_driven_nets |      0|        0|Passed |Multi driven nets |
+------+------------------+-------+---------+-------+------------------+
---------------------------------------------------------------------------------
Start Rebuilding User Hierarchy
---------------------------------------------------------------------------------
---------------------------------------------------------------------------------
Finished Rebuilding User Hierarchy : Time (s): cpu = 00:00:17 ; elapsed = 00:00:31 . Memory (MB): peak = 2222.734 ; gain = 360.043 ; free physical = 736762 ; free virtual = 755131
---------------------------------------------------------------------------------
---------------------------------------------------------------------------------
Start Renaming Generated Ports
---------------------------------------------------------------------------------
---------------------------------------------------------------------------------
Finished Renaming Generated Ports : Time (s): cpu = 00:00:17 ; elapsed = 00:00:31 . Memory (MB): peak = 2222.734 ; gain = 360.043 ; free physical = 736762 ; free virtual = 755131
---------------------------------------------------------------------------------
---------------------------------------------------------------------------------
Start Handling Custom Attributes
---------------------------------------------------------------------------------
---------------------------------------------------------------------------------
Finished Handling Custom Attributes : Time (s): cpu = 00:00:17 ; elapsed = 00:00:31 . Memory (MB): peak = 2222.734 ; gain = 360.043 ; free physical = 736762 ; free virtual = 755131
---------------------------------------------------------------------------------
---------------------------------------------------------------------------------
Start Renaming Generated Nets
---------------------------------------------------------------------------------
---------------------------------------------------------------------------------
Finished Renaming Generated Nets : Time (s): cpu = 00:00:17 ; elapsed = 00:00:31 . Memory (MB): peak = 2222.734 ; gain = 360.043 ; free physical = 736762 ; free virtual = 755131
---------------------------------------------------------------------------------
---------------------------------------------------------------------------------
Start Writing Synthesis Report
---------------------------------------------------------------------------------

Report BlackBoxes: 
+-+--------------+----------+
| |BlackBox name |Instances |
+-+--------------+----------+
+-+--------------+----------+

Report Cell Usage: 
+------+-----+------+
|      |Cell |Count |
+------+-----+------+
|1     |LUT3 |     1|
+------+-----+------+

Report Instance Areas: 
+------+---------+------------+------+
|      |Instance |Module      |Cells |
+------+---------+------------+------+
|1     |top      |            |     1|
|2     |  inst   |enable_read |     1|
+------+---------+------------+------+
---------------------------------------------------------------------------------
Finished Writing Synthesis Report : Time (s): cpu = 00:00:17 ; elapsed = 00:00:31 . Memory (MB): peak = 2222.734 ; gain = 360.043 ; free physical = 736762 ; free virtual = 755131
---------------------------------------------------------------------------------
Synthesis finished with 0 errors, 0 critical warnings and 0 warnings.
Synthesis Optimization Runtime : Time (s): cpu = 00:00:15 ; elapsed = 00:00:28 . Memory (MB): peak = 2222.734 ; gain = 271.230 ; free physical = 736817 ; free virtual = 755186
Synthesis Optimization Complete : Time (s): cpu = 00:00:17 ; elapsed = 00:00:31 . Memory (MB): peak = 2222.738 ; gain = 360.043 ; free physical = 736895 ; free virtual = 755264
INFO: [Project 1-571] Translating synthesized netlist
Netlist sorting complete. Time (s): cpu = 00:00:00 ; elapsed = 00:00:00 . Memory (MB): peak = 2222.738 ; gain = 0.000 ; free physical = 736889 ; free virtual = 755257
INFO: [Project 1-570] Preparing netlist for logic optimization
INFO: [Opt 31-138] Pushed 0 inverter(s) to 0 load pin(s).
Netlist sorting complete. Time (s): cpu = 00:00:00 ; elapsed = 00:00:00 . Memory (MB): peak = 2237.609 ; gain = 0.000 ; free physical = 736827 ; free virtual = 755195
INFO: [Project 1-111] Unisim Transformation Summary:
No Unisim elements were transformed.

INFO: [Common 17-83] Releasing license: Synthesis
18 Infos, 3 Warnings, 0 Critical Warnings and 0 Errors encountered.
synth_design completed successfully
synth_design: Time (s): cpu = 00:00:24 ; elapsed = 00:00:51 . Memory (MB): peak = 2237.609 ; gain = 696.770 ; free physical = 736951 ; free virtual = 755320
Netlist sorting complete. Time (s): cpu = 00:00:00 ; elapsed = 00:00:00 . Memory (MB): peak = 2237.609 ; gain = 0.000 ; free physical = 736951 ; free virtual = 755320
WARNING: [Constraints 18-5210] No constraints selected for write.
Resolution: This message can indicate that there are no constraints for the design, or it can indicate that the used_in flags are set such that the constraints are ignored. This later case is used when running synth_design to not write synthesis constraints to the resulting checkpoint. Instead, project constraints are read when the synthesized design is opened.
INFO: [Common 17-1381] The checkpoint '/users/nalarcon/k410t_jesd/k410t_jesd.runs/design_1_enable_read_0_4_synth_1/design_1_enable_read_0_4.dcp' has been generated.
WARNING: [Common 17-576] 'use_project_ipc' is deprecated. This option is deprecated and no longer used.
Netlist sorting complete. Time (s): cpu = 00:00:00 ; elapsed = 00:00:00 . Memory (MB): peak = 2237.617 ; gain = 0.000 ; free physical = 736951 ; free virtual = 755319
WARNING: [Constraints 18-5210] No constraints selected for write.
Resolution: This message can indicate that there are no constraints for the design, or it can indicate that the used_in flags are set such that the constraints are ignored. This later case is used when running synth_design to not write synthesis constraints to the resulting checkpoint. Instead, project constraints are read when the synthesized design is opened.
INFO: [Common 17-1381] The checkpoint '/users/nalarcon/k410t_jesd/k410t_jesd.runs/design_1_enable_read_0_4_synth_1/design_1_enable_read_0_4.dcp' has been generated.
INFO: [runtcl-4] Executing : report_utilization -file design_1_enable_read_0_4_utilization_synth.rpt -pb design_1_enable_read_0_4_utilization_synth.pb
INFO: [Common 17-206] Exiting Vivado at Wed Feb  7 19:10:29 2024...
