
****** Vivado v2019.2 (64-bit)
  **** SW Build 2708876 on Wed Nov  6 21:39:14 MST 2019
  **** IP Build 2700528 on Thu Nov  7 00:09:20 MST 2019
    ** Copyright 1986-2019 Xilinx, Inc. All Rights Reserved.

source /users/wstoy/Documents/vivado/projects/k410t_jesd/k410t_jesd.runs/impl_1/.Xil/Vivado-32256-bioeebeanie.bioeelocal/dc_drv.0/dc/debug_ip_core.tcl
# set_param synth.enableIncremental 0
# set_param chipscope.maxJobs 24
# set_param project.singleFileAddWarning.threshold 0
# set_param chipscope.flow 0
# set script_paths /users/wstoy/Documents/vivado/projects/k410t_jesd/k410t_jesd.runs/impl_1/.Xil/Vivado-32256-bioeebeanie.bioeelocal/dbg_hub_CV.0/out/get_cs_ip.tcl
# foreach script_path $script_paths { 
#     source $script_path
#     lappend debug_ip_vlnv $ip_vlnv 
#     lappend debug_ip_module_name $ip_module_name
#     lappend debug_params $params
#     lappend debug_output_xci $output_xci
#     lappend debug_output_dcp $output_dcp
#     lappend debug_output_dir $output_dir
#     lappend debug_synth_opts $synth_opts
#     lappend debug_xdc_files $xdc_files
# }
## set_param synth.enableIncremental 0
## set_param chipscope.maxJobs 24
## set_param project.singleFileAddWarning.threshold 0
## set_param chipscope.flow 0
## set part xc7k410tffg676-1
## set board_part_repo_paths {/users/wstoy/Documents/vivado/XilinxBoardStore/boards/OpalKelly}
## set board_part opalkelly.com:xem7350-k410t:part0:1.0
## set board_connections {}
## set tool_flow Vivado
## set ip_vlnv xilinx.com:ip:xsdbm:3.0
## set ip_module_name dbg_hub
## set params {{{PARAM_VALUE.C_BSCAN_MODE} {false} {PARAM_VALUE.C_BSCAN_MODE_WITH_CORE} {false} {PARAM_VALUE.C_CLK_INPUT_FREQ_HZ} {300000000} {PARAM_VALUE.C_ENABLE_CLK_DIVIDER} {false} {PARAM_VALUE.C_EN_BSCANID_VEC} {false} {PARAM_VALUE.C_NUM_BSCAN_MASTER_PORTS} {0} {PARAM_VALUE.C_TWO_PRIM_MODE} {false} {PARAM_VALUE.C_USER_SCAN_CHAIN} {1} {PARAM_VALUE.C_USE_EXT_BSCAN} {false} {PARAM_VALUE.C_XSDB_NUM_SLAVES} {1}}}
## set output_xci /users/wstoy/Documents/vivado/projects/k410t_jesd/k410t_jesd.runs/impl_1/.Xil/Vivado-32256-bioeebeanie.bioeelocal/dbg_hub_CV.0/out/result.xci
## set output_dcp /users/wstoy/Documents/vivado/projects/k410t_jesd/k410t_jesd.runs/impl_1/.Xil/Vivado-32256-bioeebeanie.bioeelocal/dbg_hub_CV.0/out/result.dcp
## set output_dir /users/wstoy/Documents/vivado/projects/k410t_jesd/k410t_jesd.runs/impl_1/.Xil/Vivado-32256-bioeebeanie.bioeelocal/dbg_hub_CV.0/out
## set ip_repo_paths {
##   /users/wstoy/Documents/vivado/IP/TI204C-IP-Release-v1.10
##   /users/wstoy/Documents/vivado/IP/FrontPanel-Vivado-IP-Dist-v1.0.3
## }
## set ip_output_repo /users/wstoy/Documents/vivado/projects/k410t_jesd/k410t_jesd.cache/ip
## set ip_cache_permissions {read write}
## set oopbus_ip_repo_paths [get_param chipscope.oopbus_ip_repo_paths]
## set synth_opts {}
## set xdc_files {}
# set debug_ip_repo_paths $ip_repo_paths
# set debug_ip_output_repo $ip_output_repo
# set debug_ip_cache_permissions $ip_cache_permissions
# set debug_oopbus_ip_repo_paths [get_param chipscope.oopbus_ip_repo_paths]
# set ordering_constrs 1
# set jobs 24
# source {/tools/cad/xilinx/Vivado/2019.2/scripts/ip/ipxchipscope.tcl}
INFO: [IP_Flow 19-234] Refreshing IP repositories
INFO: [IP_Flow 19-1700] Loaded user IP repository '/users/wstoy/Documents/vivado/IP/TI204C-IP-Release-v1.10'.
INFO: [IP_Flow 19-1700] Loaded user IP repository '/users/wstoy/Documents/vivado/IP/FrontPanel-Vivado-IP-Dist-v1.0.3'.
INFO: [IP_Flow 19-2313] Loaded Vivado IP repository '/tools/cad/xilinx/Vivado/2019.2/data/ip'.
WARNING: [Board 49-69] Validation failed for board file /users/wstoy/Documents/vivado/XilinxBoardStore/boards/OpalKelly/XEM7320-A200/1.0/board.xml:
 Component Sub Type should be ddr/switch/push_button/lcd/led/ethernet/sfp/sma/mux/reset/system_reset/uart/mgt_clock/system_clock/memory_flash_qspi/memory_flash_bpi/memory/dimm/pmod/fmc_hpc/fmc_lpc/fmc_plus/pcie/fixed_io/chip for opalkelly.com:xem7320-a200:szg_port_a:1.0

CRITICAL WARNING: [Board 49-56] Problem parsing board file - /users/wstoy/Documents/vivado/XilinxBoardStore/boards/OpalKelly/XEM7320-A200/1.0/board.xml
CRITICAL WARNING: [Board 49-56] Problem parsing board file - /users/wstoy/Documents/vivado/XilinxBoardStore/boards/OpalKelly/XEM8310-AU25P/1.0/board.xml
WARNING: [Board 49-69] Validation failed for board file /users/wstoy/Documents/vivado/XilinxBoardStore/boards/OpalKelly/SZG-ENET1G/1.1/board.xml:
 Component Sub Type should be ddr/switch/push_button/lcd/led/ethernet/sfp/sma/mux/reset/system_reset/uart/mgt_clock/system_clock/memory_flash_qspi/memory_flash_bpi/memory/dimm/pmod/fmc_hpc/fmc_lpc/fmc_plus/pcie/fixed_io/chip for opalkelly.com:szg_enet1g:szg_port_std:1.1

CRITICAL WARNING: [Board 49-56] Problem parsing board file - /users/wstoy/Documents/vivado/XilinxBoardStore/boards/OpalKelly/SZG-ENET1G/1.1/board.xml
WARNING: [Board 49-69] Validation failed for board file /users/wstoy/Documents/vivado/XilinxBoardStore/boards/OpalKelly/BRK1900-7EV/1.0/board.xml:
 Component Sub Type should be ddr/switch/push_button/lcd/led/ethernet/sfp/sma/mux/reset/system_reset/uart/mgt_clock/system_clock/memory_flash_qspi/memory_flash_bpi/memory/dimm/pmod/fmc_hpc/fmc_lpc/fmc_plus/pcie/fixed_io/chip for opalkelly.com:brk1900-7ev:szg_port_a:1.0

CRITICAL WARNING: [Board 49-56] Problem parsing board file - /users/wstoy/Documents/vivado/XilinxBoardStore/boards/OpalKelly/BRK1900-7EV/1.0/board.xml
WARNING: [Board 49-69] Validation failed for board file /users/wstoy/Documents/vivado/XilinxBoardStore/boards/OpalKelly/BRK1900-7EG/1.0/board.xml:
 Component Sub Type should be ddr/switch/push_button/lcd/led/ethernet/sfp/sma/mux/reset/system_reset/uart/mgt_clock/system_clock/memory_flash_qspi/memory_flash_bpi/memory/dimm/pmod/fmc_hpc/fmc_lpc/fmc_plus/pcie/fixed_io/chip for opalkelly.com:brk1900-7eg:szg_port_a:1.0

CRITICAL WARNING: [Board 49-56] Problem parsing board file - /users/wstoy/Documents/vivado/XilinxBoardStore/boards/OpalKelly/BRK1900-7EG/1.0/board.xml
WARNING: [Board 49-69] Validation failed for board file /users/wstoy/Documents/vivado/XilinxBoardStore/boards/OpalKelly/SZG-PCIEX4/1.0/board.xml:
 Component Sub Type should be ddr/switch/push_button/lcd/led/ethernet/sfp/sma/mux/reset/system_reset/uart/mgt_clock/system_clock/memory_flash_qspi/memory_flash_bpi/memory/dimm/pmod/fmc_hpc/fmc_lpc/fmc_plus/pcie/fixed_io/chip for opalkelly.com:szg_pciex4:szg_port_txr4:1.0

CRITICAL WARNING: [Board 49-56] Problem parsing board file - /users/wstoy/Documents/vivado/XilinxBoardStore/boards/OpalKelly/SZG-PCIEX4/1.0/board.xml
WARNING: [Board 49-69] Validation failed for board file /users/wstoy/Documents/vivado/XilinxBoardStore/boards/OpalKelly/XEM7320-A75/1.0/board.xml:
 Component Sub Type should be ddr/switch/push_button/lcd/led/ethernet/sfp/sma/mux/reset/system_reset/uart/mgt_clock/system_clock/memory_flash_qspi/memory_flash_bpi/memory/dimm/pmod/fmc_hpc/fmc_lpc/fmc_plus/pcie/fixed_io/chip for opalkelly.com:xem7320-a75:szg_port_a:1.0

CRITICAL WARNING: [Board 49-56] Problem parsing board file - /users/wstoy/Documents/vivado/XilinxBoardStore/boards/OpalKelly/XEM7320-A75/1.0/board.xml
WARNING: [Board 49-69] Validation failed for board file /users/wstoy/Documents/vivado/XilinxBoardStore/boards/OpalKelly/BRK1900-7CG/1.0/board.xml:
 Component Sub Type should be ddr/switch/push_button/lcd/led/ethernet/sfp/sma/mux/reset/system_reset/uart/mgt_clock/system_clock/memory_flash_qspi/memory_flash_bpi/memory/dimm/pmod/fmc_hpc/fmc_lpc/fmc_plus/pcie/fixed_io/chip for opalkelly.com:brk1900-7cg:szg_port_a:1.0

CRITICAL WARNING: [Board 49-56] Problem parsing board file - /users/wstoy/Documents/vivado/XilinxBoardStore/boards/OpalKelly/BRK1900-7CG/1.0/board.xml
WARNING: [Board 49-69] Validation failed for board file /users/wstoy/Documents/vivado/XilinxBoardStore/boards/OpalKelly/SZG-MIPI-8320/1.0/board.xml:
 Component Sub Type should be ddr/switch/push_button/lcd/led/ethernet/sfp/sma/mux/reset/system_reset/uart/mgt_clock/system_clock/memory_flash_qspi/memory_flash_bpi/memory/dimm/pmod/fmc_hpc/fmc_lpc/fmc_plus/pcie/fixed_io/chip for opalkelly.com:szg_mipi_8320:szg_port_std:1.0

CRITICAL WARNING: [Board 49-56] Problem parsing board file - /users/wstoy/Documents/vivado/XilinxBoardStore/boards/OpalKelly/SZG-MIPI-8320/1.0/board.xml
WARNING: [Board 49-69] Validation failed for board file /users/wstoy/Documents/vivado/XilinxBoardStore/boards/OpalKelly/XEM8320-AU25P/1.2/board.xml:
 Component Sub Type should be ddr/switch/push_button/lcd/led/ethernet/sfp/sma/mux/reset/system_reset/uart/mgt_clock/system_clock/memory_flash_qspi/memory_flash_bpi/memory/dimm/pmod/fmc_hpc/fmc_lpc/fmc_plus/pcie/fixed_io/chip for opalkelly.com:xem8320-au25p:szg_port_a:1.2

CRITICAL WARNING: [Board 49-56] Problem parsing board file - /users/wstoy/Documents/vivado/XilinxBoardStore/boards/OpalKelly/XEM8320-AU25P/1.2/board.xml
WARNING: [Board 49-69] Validation failed for board file /users/wstoy/Documents/vivado/XilinxBoardStore/boards/OpalKelly/XEM7320-A200/1.0/board.xml:
 Component Sub Type should be ddr/switch/push_button/lcd/led/ethernet/sfp/sma/mux/reset/system_reset/uart/mgt_clock/system_clock/memory_flash_qspi/memory_flash_bpi/memory/dimm/pmod/fmc_hpc/fmc_lpc/fmc_plus/pcie/fixed_io/chip for opalkelly.com:xem7320-a200:szg_port_a:1.0

CRITICAL WARNING: [Board 49-56] Problem parsing board file - /users/wstoy/Documents/vivado/XilinxBoardStore/boards/OpalKelly/XEM7320-A200/1.0/board.xml
CRITICAL WARNING: [Board 49-56] Problem parsing board file - /users/wstoy/Documents/vivado/XilinxBoardStore/boards/OpalKelly/XEM8310-AU25P/1.0/board.xml
WARNING: [Board 49-69] Validation failed for board file /users/wstoy/Documents/vivado/XilinxBoardStore/boards/OpalKelly/SZG-ENET1G/1.1/board.xml:
 Component Sub Type should be ddr/switch/push_button/lcd/led/ethernet/sfp/sma/mux/reset/system_reset/uart/mgt_clock/system_clock/memory_flash_qspi/memory_flash_bpi/memory/dimm/pmod/fmc_hpc/fmc_lpc/fmc_plus/pcie/fixed_io/chip for opalkelly.com:szg_enet1g:szg_port_std:1.1

CRITICAL WARNING: [Board 49-56] Problem parsing board file - /users/wstoy/Documents/vivado/XilinxBoardStore/boards/OpalKelly/SZG-ENET1G/1.1/board.xml
WARNING: [Board 49-69] Validation failed for board file /users/wstoy/Documents/vivado/XilinxBoardStore/boards/OpalKelly/BRK1900-7EV/1.0/board.xml:
 Component Sub Type should be ddr/switch/push_button/lcd/led/ethernet/sfp/sma/mux/reset/system_reset/uart/mgt_clock/system_clock/memory_flash_qspi/memory_flash_bpi/memory/dimm/pmod/fmc_hpc/fmc_lpc/fmc_plus/pcie/fixed_io/chip for opalkelly.com:brk1900-7ev:szg_port_a:1.0

CRITICAL WARNING: [Board 49-56] Problem parsing board file - /users/wstoy/Documents/vivado/XilinxBoardStore/boards/OpalKelly/BRK1900-7EV/1.0/board.xml
WARNING: [Board 49-69] Validation failed for board file /users/wstoy/Documents/vivado/XilinxBoardStore/boards/OpalKelly/BRK1900-7EG/1.0/board.xml:
 Component Sub Type should be ddr/switch/push_button/lcd/led/ethernet/sfp/sma/mux/reset/system_reset/uart/mgt_clock/system_clock/memory_flash_qspi/memory_flash_bpi/memory/dimm/pmod/fmc_hpc/fmc_lpc/fmc_plus/pcie/fixed_io/chip for opalkelly.com:brk1900-7eg:szg_port_a:1.0

CRITICAL WARNING: [Board 49-56] Problem parsing board file - /users/wstoy/Documents/vivado/XilinxBoardStore/boards/OpalKelly/BRK1900-7EG/1.0/board.xml
WARNING: [Board 49-69] Validation failed for board file /users/wstoy/Documents/vivado/XilinxBoardStore/boards/OpalKelly/SZG-PCIEX4/1.0/board.xml:
 Component Sub Type should be ddr/switch/push_button/lcd/led/ethernet/sfp/sma/mux/reset/system_reset/uart/mgt_clock/system_clock/memory_flash_qspi/memory_flash_bpi/memory/dimm/pmod/fmc_hpc/fmc_lpc/fmc_plus/pcie/fixed_io/chip for opalkelly.com:szg_pciex4:szg_port_txr4:1.0

CRITICAL WARNING: [Board 49-56] Problem parsing board file - /users/wstoy/Documents/vivado/XilinxBoardStore/boards/OpalKelly/SZG-PCIEX4/1.0/board.xml
WARNING: [Board 49-69] Validation failed for board file /users/wstoy/Documents/vivado/XilinxBoardStore/boards/OpalKelly/XEM7320-A75/1.0/board.xml:
 Component Sub Type should be ddr/switch/push_button/lcd/led/ethernet/sfp/sma/mux/reset/system_reset/uart/mgt_clock/system_clock/memory_flash_qspi/memory_flash_bpi/memory/dimm/pmod/fmc_hpc/fmc_lpc/fmc_plus/pcie/fixed_io/chip for opalkelly.com:xem7320-a75:szg_port_a:1.0

CRITICAL WARNING: [Board 49-56] Problem parsing board file - /users/wstoy/Documents/vivado/XilinxBoardStore/boards/OpalKelly/XEM7320-A75/1.0/board.xml
WARNING: [Board 49-69] Validation failed for board file /users/wstoy/Documents/vivado/XilinxBoardStore/boards/OpalKelly/BRK1900-7CG/1.0/board.xml:
 Component Sub Type should be ddr/switch/push_button/lcd/led/ethernet/sfp/sma/mux/reset/system_reset/uart/mgt_clock/system_clock/memory_flash_qspi/memory_flash_bpi/memory/dimm/pmod/fmc_hpc/fmc_lpc/fmc_plus/pcie/fixed_io/chip for opalkelly.com:brk1900-7cg:szg_port_a:1.0

CRITICAL WARNING: [Board 49-56] Problem parsing board file - /users/wstoy/Documents/vivado/XilinxBoardStore/boards/OpalKelly/BRK1900-7CG/1.0/board.xml
WARNING: [Board 49-69] Validation failed for board file /users/wstoy/Documents/vivado/XilinxBoardStore/boards/OpalKelly/SZG-MIPI-8320/1.0/board.xml:
 Component Sub Type should be ddr/switch/push_button/lcd/led/ethernet/sfp/sma/mux/reset/system_reset/uart/mgt_clock/system_clock/memory_flash_qspi/memory_flash_bpi/memory/dimm/pmod/fmc_hpc/fmc_lpc/fmc_plus/pcie/fixed_io/chip for opalkelly.com:szg_mipi_8320:szg_port_std:1.0

CRITICAL WARNING: [Board 49-56] Problem parsing board file - /users/wstoy/Documents/vivado/XilinxBoardStore/boards/OpalKelly/SZG-MIPI-8320/1.0/board.xml
WARNING: [Board 49-69] Validation failed for board file /users/wstoy/Documents/vivado/XilinxBoardStore/boards/OpalKelly/XEM8320-AU25P/1.2/board.xml:
 Component Sub Type should be ddr/switch/push_button/lcd/led/ethernet/sfp/sma/mux/reset/system_reset/uart/mgt_clock/system_clock/memory_flash_qspi/memory_flash_bpi/memory/dimm/pmod/fmc_hpc/fmc_lpc/fmc_plus/pcie/fixed_io/chip for opalkelly.com:xem8320-au25p:szg_port_a:1.2

CRITICAL WARNING: [Board 49-56] Problem parsing board file - /users/wstoy/Documents/vivado/XilinxBoardStore/boards/OpalKelly/XEM8320-AU25P/1.2/board.xml
IP SYNTH XDC FILES = 

create_ip: Time (s): cpu = 00:00:04 ; elapsed = 00:00:09 . Memory (MB): peak = 1807.234 ; gain = 250.098 ; free physical = 190572 ; free virtual = 462956
/users/wstoy/Documents/vivado/projects/k410t_jesd/k410t_jesd.runs/impl_1/.Xil/Vivado-32256-bioeebeanie.bioeelocal/dc_drv.0/dc/prj_ip.srcs/sources_1/ip/dbg_hub/dbg_hub.xci
INFO: [IP_Flow 19-1686] Generating 'Instantiation Template' target for IP 'dbg_hub'...
INFO: [IP_Flow 19-1686] Generating 'Synthesis' target for IP 'dbg_hub'...
INFO: [IP_Flow 19-1686] Generating 'Simulation' target for IP 'dbg_hub'...
generation completed successfully
Succeeded copying xdc_files
Succeeded copying xci files
INFO: [IP_Flow 19-4838] Using cached IP synthesis design for IP dbg_hub, cache-ID = 4fe41678bcdb731b.
INFO: [InternalMarking_CacheHit-1] dbg_hub 4fe41678bcdb731b
# set failed [catch {ipx::chipscope::run_multi_gen_and_synth_ip_core $part $board_part $board_connections $board_part_repo_paths $tool_flow $debug_ip_vlnv $debug_ip_module_name $debug_params $debug_output_xci $debug_output_dcp $debug_output_dir $debug_ip_repo_paths $debug_ip_output_repo $debug_ip_cache_permissions $debug_oopbus_ip_repo_paths $debug_synth_opts $debug_xdc_files $ordering_constrs $jobs} errMessage]
# if { $failed } {
# send_msg_id {IP_Flow 19-3805} ERROR "Failed to generate and synthesize debug IPs. \n $errMessage"
#   exit 1
# }
INFO: [Common 17-206] Exiting Vivado at Wed Dec 13 16:03:45 2023...
