
*** Running vivado
    with args -log design_1_c_counter_binary_0_0.vds -m64 -product Vivado -mode batch -messageDb vivado.pb -notrace -source design_1_c_counter_binary_0_0.tcl


****** Vivado v2019.2 (64-bit)
  **** SW Build 2708876 on Wed Nov  6 21:39:14 MST 2019
  **** IP Build 2700528 on Thu Nov  7 00:09:20 MST 2019
    ** Copyright 1986-2019 Xilinx, Inc. All Rights Reserved.

source design_1_c_counter_binary_0_0.tcl -notrace
WARNING: [Board 49-69] Validation failed for board file /users/wstoy/Documents/vivado/XilinxBoardStore/boards/OpalKelly/XEM7320-A200/1.0/board.xml:
 Component Sub Type should be ddr/switch/push_button/lcd/led/ethernet/sfp/sma/mux/reset/system_reset/uart/mgt_clock/system_clock/memory_flash_qspi/memory_flash_bpi/memory/dimm/pmod/fmc_hpc/fmc_lpc/fmc_plus/pcie/fixed_io/chip for opalkelly.com:xem7320-a200:szg_port_a:1.0

CRITICAL WARNING: [Board 49-56] Problem parsing board file - /users/wstoy/Documents/vivado/XilinxBoardStore/boards/OpalKelly/XEM7320-A200/1.0/board.xml
CRITICAL WARNING: [Board 49-56] Problem parsing board file - /users/wstoy/Documents/vivado/XilinxBoardStore/boards/OpalKelly/XEM8310-AU25P/1.0/board.xml
WARNING: [Board 49-69] Validation failed for board file /users/wstoy/Documents/vivado/XilinxBoardStore/boards/OpalKelly/SZG-ENET1G/1.1/board.xml:
 Component Sub Type should be ddr/switch/push_button/lcd/led/ethernet/sfp/sma/mux/reset/system_reset/uart/mgt_clock/system_clock/memory_flash_qspi/memory_flash_bpi/memory/dimm/pmod/fmc_hpc/fmc_lpc/fmc_plus/pcie/fixed_io/chip for opalkelly.com:szg_enet1g:szg_port_std:1.1

CRITICAL WARNING: [Board 49-56] Problem parsing board file - /users/wstoy/Documents/vivado/XilinxBoardStore/boards/OpalKelly/SZG-ENET1G/1.1/board.xml
WARNING: [Board 49-69] Validation failed for board file /users/wstoy/Documents/vivado/XilinxBoardStore/boards/OpalKelly/BRK1900-7EV/1.0/board.xml:
 Component Sub Type should be ddr/switch/push_button/lcd/led/ethernet/sfp/sma/mux/reset/system_reset/uart/mgt_clock/system_clock/memory_flash_qspi/memory_flash_bpi/memory/dimm/pmod/fmc_hpc/fmc_lpc/fmc_plus/pcie/fixed_io/chip for opalkelly.com:brk1900-7ev:szg_port_a:1.0

CRITICAL WARNING: [Board 49-56] Problem parsing board file - /users/wstoy/Documents/vivado/XilinxBoardStore/boards/OpalKelly/BRK1900-7EV/1.0/board.xml
WARNING: [Board 49-69] Validation failed for board file /users/wstoy/Documents/vivado/XilinxBoardStore/boards/OpalKelly/BRK1900-7EG/1.0/board.xml:
 Component Sub Type should be ddr/switch/push_button/lcd/led/ethernet/sfp/sma/mux/reset/system_reset/uart/mgt_clock/system_clock/memory_flash_qspi/memory_flash_bpi/memory/dimm/pmod/fmc_hpc/fmc_lpc/fmc_plus/pcie/fixed_io/chip for opalkelly.com:brk1900-7eg:szg_port_a:1.0

CRITICAL WARNING: [Board 49-56] Problem parsing board file - /users/wstoy/Documents/vivado/XilinxBoardStore/boards/OpalKelly/BRK1900-7EG/1.0/board.xml
WARNING: [Board 49-69] Validation failed for board file /users/wstoy/Documents/vivado/XilinxBoardStore/boards/OpalKelly/SZG-PCIEX4/1.0/board.xml:
 Component Sub Type should be ddr/switch/push_button/lcd/led/ethernet/sfp/sma/mux/reset/system_reset/uart/mgt_clock/system_clock/memory_flash_qspi/memory_flash_bpi/memory/dimm/pmod/fmc_hpc/fmc_lpc/fmc_plus/pcie/fixed_io/chip for opalkelly.com:szg_pciex4:szg_port_txr4:1.0

CRITICAL WARNING: [Board 49-56] Problem parsing board file - /users/wstoy/Documents/vivado/XilinxBoardStore/boards/OpalKelly/SZG-PCIEX4/1.0/board.xml
WARNING: [Board 49-69] Validation failed for board file /users/wstoy/Documents/vivado/XilinxBoardStore/boards/OpalKelly/XEM7320-A75/1.0/board.xml:
 Component Sub Type should be ddr/switch/push_button/lcd/led/ethernet/sfp/sma/mux/reset/system_reset/uart/mgt_clock/system_clock/memory_flash_qspi/memory_flash_bpi/memory/dimm/pmod/fmc_hpc/fmc_lpc/fmc_plus/pcie/fixed_io/chip for opalkelly.com:xem7320-a75:szg_port_a:1.0

CRITICAL WARNING: [Board 49-56] Problem parsing board file - /users/wstoy/Documents/vivado/XilinxBoardStore/boards/OpalKelly/XEM7320-A75/1.0/board.xml
WARNING: [Board 49-69] Validation failed for board file /users/wstoy/Documents/vivado/XilinxBoardStore/boards/OpalKelly/BRK1900-7CG/1.0/board.xml:
 Component Sub Type should be ddr/switch/push_button/lcd/led/ethernet/sfp/sma/mux/reset/system_reset/uart/mgt_clock/system_clock/memory_flash_qspi/memory_flash_bpi/memory/dimm/pmod/fmc_hpc/fmc_lpc/fmc_plus/pcie/fixed_io/chip for opalkelly.com:brk1900-7cg:szg_port_a:1.0

CRITICAL WARNING: [Board 49-56] Problem parsing board file - /users/wstoy/Documents/vivado/XilinxBoardStore/boards/OpalKelly/BRK1900-7CG/1.0/board.xml
WARNING: [Board 49-69] Validation failed for board file /users/wstoy/Documents/vivado/XilinxBoardStore/boards/OpalKelly/SZG-MIPI-8320/1.0/board.xml:
 Component Sub Type should be ddr/switch/push_button/lcd/led/ethernet/sfp/sma/mux/reset/system_reset/uart/mgt_clock/system_clock/memory_flash_qspi/memory_flash_bpi/memory/dimm/pmod/fmc_hpc/fmc_lpc/fmc_plus/pcie/fixed_io/chip for opalkelly.com:szg_mipi_8320:szg_port_std:1.0

CRITICAL WARNING: [Board 49-56] Problem parsing board file - /users/wstoy/Documents/vivado/XilinxBoardStore/boards/OpalKelly/SZG-MIPI-8320/1.0/board.xml
WARNING: [Board 49-69] Validation failed for board file /users/wstoy/Documents/vivado/XilinxBoardStore/boards/OpalKelly/XEM8320-AU25P/1.2/board.xml:
 Component Sub Type should be ddr/switch/push_button/lcd/led/ethernet/sfp/sma/mux/reset/system_reset/uart/mgt_clock/system_clock/memory_flash_qspi/memory_flash_bpi/memory/dimm/pmod/fmc_hpc/fmc_lpc/fmc_plus/pcie/fixed_io/chip for opalkelly.com:xem8320-au25p:szg_port_a:1.2

CRITICAL WARNING: [Board 49-56] Problem parsing board file - /users/wstoy/Documents/vivado/XilinxBoardStore/boards/OpalKelly/XEM8320-AU25P/1.2/board.xml
WARNING: [Board 49-69] Validation failed for board file /users/wstoy/Documents/vivado/XilinxBoardStore/boards/OpalKelly/XEM7320-A200/1.0/board.xml:
 Component Sub Type should be ddr/switch/push_button/lcd/led/ethernet/sfp/sma/mux/reset/system_reset/uart/mgt_clock/system_clock/memory_flash_qspi/memory_flash_bpi/memory/dimm/pmod/fmc_hpc/fmc_lpc/fmc_plus/pcie/fixed_io/chip for opalkelly.com:xem7320-a200:szg_port_a:1.0

CRITICAL WARNING: [Board 49-56] Problem parsing board file - /users/wstoy/Documents/vivado/XilinxBoardStore/boards/OpalKelly/XEM7320-A200/1.0/board.xml
CRITICAL WARNING: [Board 49-56] Problem parsing board file - /users/wstoy/Documents/vivado/XilinxBoardStore/boards/OpalKelly/XEM8310-AU25P/1.0/board.xml
WARNING: [Board 49-69] Validation failed for board file /users/wstoy/Documents/vivado/XilinxBoardStore/boards/OpalKelly/SZG-ENET1G/1.1/board.xml:
 Component Sub Type should be ddr/switch/push_button/lcd/led/ethernet/sfp/sma/mux/reset/system_reset/uart/mgt_clock/system_clock/memory_flash_qspi/memory_flash_bpi/memory/dimm/pmod/fmc_hpc/fmc_lpc/fmc_plus/pcie/fixed_io/chip for opalkelly.com:szg_enet1g:szg_port_std:1.1

CRITICAL WARNING: [Board 49-56] Problem parsing board file - /users/wstoy/Documents/vivado/XilinxBoardStore/boards/OpalKelly/SZG-ENET1G/1.1/board.xml
WARNING: [Board 49-69] Validation failed for board file /users/wstoy/Documents/vivado/XilinxBoardStore/boards/OpalKelly/BRK1900-7EV/1.0/board.xml:
 Component Sub Type should be ddr/switch/push_button/lcd/led/ethernet/sfp/sma/mux/reset/system_reset/uart/mgt_clock/system_clock/memory_flash_qspi/memory_flash_bpi/memory/dimm/pmod/fmc_hpc/fmc_lpc/fmc_plus/pcie/fixed_io/chip for opalkelly.com:brk1900-7ev:szg_port_a:1.0

CRITICAL WARNING: [Board 49-56] Problem parsing board file - /users/wstoy/Documents/vivado/XilinxBoardStore/boards/OpalKelly/BRK1900-7EV/1.0/board.xml
WARNING: [Board 49-69] Validation failed for board file /users/wstoy/Documents/vivado/XilinxBoardStore/boards/OpalKelly/BRK1900-7EG/1.0/board.xml:
 Component Sub Type should be ddr/switch/push_button/lcd/led/ethernet/sfp/sma/mux/reset/system_reset/uart/mgt_clock/system_clock/memory_flash_qspi/memory_flash_bpi/memory/dimm/pmod/fmc_hpc/fmc_lpc/fmc_plus/pcie/fixed_io/chip for opalkelly.com:brk1900-7eg:szg_port_a:1.0

CRITICAL WARNING: [Board 49-56] Problem parsing board file - /users/wstoy/Documents/vivado/XilinxBoardStore/boards/OpalKelly/BRK1900-7EG/1.0/board.xml
WARNING: [Board 49-69] Validation failed for board file /users/wstoy/Documents/vivado/XilinxBoardStore/boards/OpalKelly/SZG-PCIEX4/1.0/board.xml:
 Component Sub Type should be ddr/switch/push_button/lcd/led/ethernet/sfp/sma/mux/reset/system_reset/uart/mgt_clock/system_clock/memory_flash_qspi/memory_flash_bpi/memory/dimm/pmod/fmc_hpc/fmc_lpc/fmc_plus/pcie/fixed_io/chip for opalkelly.com:szg_pciex4:szg_port_txr4:1.0

CRITICAL WARNING: [Board 49-56] Problem parsing board file - /users/wstoy/Documents/vivado/XilinxBoardStore/boards/OpalKelly/SZG-PCIEX4/1.0/board.xml
WARNING: [Board 49-69] Validation failed for board file /users/wstoy/Documents/vivado/XilinxBoardStore/boards/OpalKelly/XEM7320-A75/1.0/board.xml:
 Component Sub Type should be ddr/switch/push_button/lcd/led/ethernet/sfp/sma/mux/reset/system_reset/uart/mgt_clock/system_clock/memory_flash_qspi/memory_flash_bpi/memory/dimm/pmod/fmc_hpc/fmc_lpc/fmc_plus/pcie/fixed_io/chip for opalkelly.com:xem7320-a75:szg_port_a:1.0

CRITICAL WARNING: [Board 49-56] Problem parsing board file - /users/wstoy/Documents/vivado/XilinxBoardStore/boards/OpalKelly/XEM7320-A75/1.0/board.xml
WARNING: [Board 49-69] Validation failed for board file /users/wstoy/Documents/vivado/XilinxBoardStore/boards/OpalKelly/BRK1900-7CG/1.0/board.xml:
 Component Sub Type should be ddr/switch/push_button/lcd/led/ethernet/sfp/sma/mux/reset/system_reset/uart/mgt_clock/system_clock/memory_flash_qspi/memory_flash_bpi/memory/dimm/pmod/fmc_hpc/fmc_lpc/fmc_plus/pcie/fixed_io/chip for opalkelly.com:brk1900-7cg:szg_port_a:1.0

CRITICAL WARNING: [Board 49-56] Problem parsing board file - /users/wstoy/Documents/vivado/XilinxBoardStore/boards/OpalKelly/BRK1900-7CG/1.0/board.xml
WARNING: [Board 49-69] Validation failed for board file /users/wstoy/Documents/vivado/XilinxBoardStore/boards/OpalKelly/SZG-MIPI-8320/1.0/board.xml:
 Component Sub Type should be ddr/switch/push_button/lcd/led/ethernet/sfp/sma/mux/reset/system_reset/uart/mgt_clock/system_clock/memory_flash_qspi/memory_flash_bpi/memory/dimm/pmod/fmc_hpc/fmc_lpc/fmc_plus/pcie/fixed_io/chip for opalkelly.com:szg_mipi_8320:szg_port_std:1.0

CRITICAL WARNING: [Board 49-56] Problem parsing board file - /users/wstoy/Documents/vivado/XilinxBoardStore/boards/OpalKelly/SZG-MIPI-8320/1.0/board.xml
WARNING: [Board 49-69] Validation failed for board file /users/wstoy/Documents/vivado/XilinxBoardStore/boards/OpalKelly/XEM8320-AU25P/1.2/board.xml:
 Component Sub Type should be ddr/switch/push_button/lcd/led/ethernet/sfp/sma/mux/reset/system_reset/uart/mgt_clock/system_clock/memory_flash_qspi/memory_flash_bpi/memory/dimm/pmod/fmc_hpc/fmc_lpc/fmc_plus/pcie/fixed_io/chip for opalkelly.com:xem8320-au25p:szg_port_a:1.2

CRITICAL WARNING: [Board 49-56] Problem parsing board file - /users/wstoy/Documents/vivado/XilinxBoardStore/boards/OpalKelly/XEM8320-AU25P/1.2/board.xml
INFO: [IP_Flow 19-234] Refreshing IP repositories
INFO: [IP_Flow 19-1700] Loaded user IP repository '/users/wstoy/Documents/vivado/IP/TI204C-IP-Release-v1.10'.
INFO: [IP_Flow 19-1700] Loaded user IP repository '/users/wstoy/Documents/vivado/IP/FrontPanel-Vivado-IP-Dist-v1.0.3'.
INFO: [IP_Flow 19-2313] Loaded Vivado IP repository '/tools/cad/xilinx/Vivado/2019.2/data/ip'.
Command: synth_design -top design_1_c_counter_binary_0_0 -part xc7k410tffg676-1 -mode out_of_context
Starting synth_design
Attempting to get a license for feature 'Synthesis' and/or device 'xc7k410t'
INFO: [Common 17-349] Got license for feature 'Synthesis' and/or device 'xc7k410t'
INFO: [Common 17-1540] The version limit for your license is '2020.01' and has expired for new software. A version limit expiration means that, although you may be able to continue to use the current version of tools or IP with this license, you will not be eligible for any updates or new releases.
INFO: [Device 21-403] Loading part xc7k410tffg676-1
INFO: Launching helper process for spawning children vivado processes
INFO: Helper process launched with PID 18391 
---------------------------------------------------------------------------------
Starting RTL Elaboration : Time (s): cpu = 00:00:04 ; elapsed = 00:00:10 . Memory (MB): peak = 2080.910 ; gain = 198.684 ; free physical = 251073 ; free virtual = 481781
---------------------------------------------------------------------------------
INFO: [Synth 8-638] synthesizing module 'design_1_c_counter_binary_0_0' [/users/wstoy/Documents/vivado/projects/k410t_jesd/k410t_jesd.srcs/sources_1/bd/design_1/ip/design_1_c_counter_binary_0_0/synth/design_1_c_counter_binary_0_0.vhd:68]
	Parameter C_IMPLEMENTATION bound to: 0 - type: integer 
	Parameter C_VERBOSITY bound to: 0 - type: integer 
	Parameter C_XDEVICEFAMILY bound to: kintex7 - type: string 
	Parameter C_WIDTH bound to: 32 - type: integer 
	Parameter C_HAS_CE bound to: 1 - type: integer 
	Parameter C_HAS_SCLR bound to: 1 - type: integer 
	Parameter C_RESTRICT_COUNT bound to: 0 - type: integer 
	Parameter C_COUNT_TO bound to: 1 - type: string 
	Parameter C_COUNT_BY bound to: 1 - type: string 
	Parameter C_COUNT_MODE bound to: 0 - type: integer 
	Parameter C_THRESH0_VALUE bound to: 1 - type: string 
	Parameter C_CE_OVERRIDES_SYNC bound to: 0 - type: integer 
	Parameter C_HAS_THRESH0 bound to: 0 - type: integer 
	Parameter C_HAS_LOAD bound to: 0 - type: integer 
	Parameter C_LOAD_LOW bound to: 0 - type: integer 
	Parameter C_LATENCY bound to: 1 - type: integer 
	Parameter C_FB_LATENCY bound to: 0 - type: integer 
	Parameter C_AINIT_VAL bound to: 0 - type: string 
	Parameter C_SINIT_VAL bound to: 0 - type: string 
	Parameter C_SCLR_OVERRIDES_SSET bound to: 1 - type: integer 
	Parameter C_HAS_SSET bound to: 0 - type: integer 
	Parameter C_HAS_SINIT bound to: 0 - type: integer 
INFO: [Synth 8-3491] module 'c_counter_binary_v12_0_14' declared at '/users/wstoy/Documents/vivado/projects/k410t_jesd/k410t_jesd.srcs/sources_1/bd/design_1/ipshared/1f12/hdl/c_counter_binary_v12_0_vh_rfs.vhd:2146' bound to instance 'U0' of component 'c_counter_binary_v12_0_14' [/users/wstoy/Documents/vivado/projects/k410t_jesd/k410t_jesd.srcs/sources_1/bd/design_1/ip/design_1_c_counter_binary_0_0/synth/design_1_c_counter_binary_0_0.vhd:128]
INFO: [Synth 8-256] done synthesizing module 'design_1_c_counter_binary_0_0' (8#1) [/users/wstoy/Documents/vivado/projects/k410t_jesd/k410t_jesd.srcs/sources_1/bd/design_1/ip/design_1_c_counter_binary_0_0/synth/design_1_c_counter_binary_0_0.vhd:68]
WARNING: [Synth 8-3331] design c_reg_fd_v12_0_6_viv has unconnected port AINIT
WARNING: [Synth 8-3331] design c_reg_fd_v12_0_6_viv has unconnected port ACLR
WARNING: [Synth 8-3331] design c_reg_fd_v12_0_6_viv has unconnected port ASET
WARNING: [Synth 8-3331] design c_reg_fd_v12_0_6_viv has unconnected port SINIT
WARNING: [Synth 8-3331] design c_reg_fd_v12_0_6_viv has unconnected port SSET
WARNING: [Synth 8-3331] design c_addsub_v12_0_14_lut6_legacy has unconnected port b[31]
WARNING: [Synth 8-3331] design c_addsub_v12_0_14_lut6_legacy has unconnected port b[30]
WARNING: [Synth 8-3331] design c_addsub_v12_0_14_lut6_legacy has unconnected port b[29]
WARNING: [Synth 8-3331] design c_addsub_v12_0_14_lut6_legacy has unconnected port b[28]
WARNING: [Synth 8-3331] design c_addsub_v12_0_14_lut6_legacy has unconnected port b[27]
WARNING: [Synth 8-3331] design c_addsub_v12_0_14_lut6_legacy has unconnected port b[26]
WARNING: [Synth 8-3331] design c_addsub_v12_0_14_lut6_legacy has unconnected port b[25]
WARNING: [Synth 8-3331] design c_addsub_v12_0_14_lut6_legacy has unconnected port b[24]
WARNING: [Synth 8-3331] design c_addsub_v12_0_14_lut6_legacy has unconnected port b[23]
WARNING: [Synth 8-3331] design c_addsub_v12_0_14_lut6_legacy has unconnected port b[22]
WARNING: [Synth 8-3331] design c_addsub_v12_0_14_lut6_legacy has unconnected port b[21]
WARNING: [Synth 8-3331] design c_addsub_v12_0_14_lut6_legacy has unconnected port b[20]
WARNING: [Synth 8-3331] design c_addsub_v12_0_14_lut6_legacy has unconnected port b[19]
WARNING: [Synth 8-3331] design c_addsub_v12_0_14_lut6_legacy has unconnected port b[18]
WARNING: [Synth 8-3331] design c_addsub_v12_0_14_lut6_legacy has unconnected port b[17]
WARNING: [Synth 8-3331] design c_addsub_v12_0_14_lut6_legacy has unconnected port b[16]
WARNING: [Synth 8-3331] design c_addsub_v12_0_14_lut6_legacy has unconnected port b[15]
WARNING: [Synth 8-3331] design c_addsub_v12_0_14_lut6_legacy has unconnected port b[14]
WARNING: [Synth 8-3331] design c_addsub_v12_0_14_lut6_legacy has unconnected port b[13]
WARNING: [Synth 8-3331] design c_addsub_v12_0_14_lut6_legacy has unconnected port b[12]
WARNING: [Synth 8-3331] design c_addsub_v12_0_14_lut6_legacy has unconnected port b[11]
WARNING: [Synth 8-3331] design c_addsub_v12_0_14_lut6_legacy has unconnected port b[10]
WARNING: [Synth 8-3331] design c_addsub_v12_0_14_lut6_legacy has unconnected port b[9]
WARNING: [Synth 8-3331] design c_addsub_v12_0_14_lut6_legacy has unconnected port b[8]
WARNING: [Synth 8-3331] design c_addsub_v12_0_14_lut6_legacy has unconnected port b[7]
WARNING: [Synth 8-3331] design c_addsub_v12_0_14_lut6_legacy has unconnected port b[6]
WARNING: [Synth 8-3331] design c_addsub_v12_0_14_lut6_legacy has unconnected port b[5]
WARNING: [Synth 8-3331] design c_addsub_v12_0_14_lut6_legacy has unconnected port b[4]
WARNING: [Synth 8-3331] design c_addsub_v12_0_14_lut6_legacy has unconnected port b[3]
WARNING: [Synth 8-3331] design c_addsub_v12_0_14_lut6_legacy has unconnected port b[2]
WARNING: [Synth 8-3331] design c_addsub_v12_0_14_lut6_legacy has unconnected port b[1]
WARNING: [Synth 8-3331] design c_addsub_v12_0_14_lut6_legacy has unconnected port b[0]
WARNING: [Synth 8-3331] design c_addsub_v12_0_14_lut6_legacy has unconnected port add
WARNING: [Synth 8-3331] design c_addsub_v12_0_14_lut6_legacy has unconnected port c_in
WARNING: [Synth 8-3331] design c_addsub_v12_0_14_lut6_legacy has unconnected port bypass
WARNING: [Synth 8-3331] design c_addsub_v12_0_14_lut6_legacy has unconnected port sset
WARNING: [Synth 8-3331] design c_addsub_v12_0_14_lut6_legacy has unconnected port sinit
WARNING: [Synth 8-3331] design c_addsub_v12_0_14_legacy has unconnected port c_in
WARNING: [Synth 8-3331] design c_addsub_v12_0_14_legacy has unconnected port b_in
WARNING: [Synth 8-3331] design c_addsub_v12_0_14_legacy has unconnected port a_signed
WARNING: [Synth 8-3331] design c_addsub_v12_0_14_legacy has unconnected port b_signed
WARNING: [Synth 8-3331] design c_counter_binary_v12_0_14_legacy has unconnected port up
WARNING: [Synth 8-3331] design c_counter_binary_v12_0_14_legacy has unconnected port load
WARNING: [Synth 8-3331] design c_counter_binary_v12_0_14_legacy has unconnected port l[31]
WARNING: [Synth 8-3331] design c_counter_binary_v12_0_14_legacy has unconnected port l[30]
WARNING: [Synth 8-3331] design c_counter_binary_v12_0_14_legacy has unconnected port l[29]
WARNING: [Synth 8-3331] design c_counter_binary_v12_0_14_legacy has unconnected port l[28]
WARNING: [Synth 8-3331] design c_counter_binary_v12_0_14_legacy has unconnected port l[27]
WARNING: [Synth 8-3331] design c_counter_binary_v12_0_14_legacy has unconnected port l[26]
WARNING: [Synth 8-3331] design c_counter_binary_v12_0_14_legacy has unconnected port l[25]
WARNING: [Synth 8-3331] design c_counter_binary_v12_0_14_legacy has unconnected port l[24]
WARNING: [Synth 8-3331] design c_counter_binary_v12_0_14_legacy has unconnected port l[23]
WARNING: [Synth 8-3331] design c_counter_binary_v12_0_14_legacy has unconnected port l[22]
WARNING: [Synth 8-3331] design c_counter_binary_v12_0_14_legacy has unconnected port l[21]
WARNING: [Synth 8-3331] design c_counter_binary_v12_0_14_legacy has unconnected port l[20]
WARNING: [Synth 8-3331] design c_counter_binary_v12_0_14_legacy has unconnected port l[19]
WARNING: [Synth 8-3331] design c_counter_binary_v12_0_14_legacy has unconnected port l[18]
WARNING: [Synth 8-3331] design c_counter_binary_v12_0_14_legacy has unconnected port l[17]
WARNING: [Synth 8-3331] design c_counter_binary_v12_0_14_legacy has unconnected port l[16]
WARNING: [Synth 8-3331] design c_counter_binary_v12_0_14_legacy has unconnected port l[15]
WARNING: [Synth 8-3331] design c_counter_binary_v12_0_14_legacy has unconnected port l[14]
WARNING: [Synth 8-3331] design c_counter_binary_v12_0_14_legacy has unconnected port l[13]
WARNING: [Synth 8-3331] design c_counter_binary_v12_0_14_legacy has unconnected port l[12]
WARNING: [Synth 8-3331] design c_counter_binary_v12_0_14_legacy has unconnected port l[11]
WARNING: [Synth 8-3331] design c_counter_binary_v12_0_14_legacy has unconnected port l[10]
WARNING: [Synth 8-3331] design c_counter_binary_v12_0_14_legacy has unconnected port l[9]
WARNING: [Synth 8-3331] design c_counter_binary_v12_0_14_legacy has unconnected port l[8]
WARNING: [Synth 8-3331] design c_counter_binary_v12_0_14_legacy has unconnected port l[7]
WARNING: [Synth 8-3331] design c_counter_binary_v12_0_14_legacy has unconnected port l[6]
WARNING: [Synth 8-3331] design c_counter_binary_v12_0_14_legacy has unconnected port l[5]
WARNING: [Synth 8-3331] design c_counter_binary_v12_0_14_legacy has unconnected port l[4]
WARNING: [Synth 8-3331] design c_counter_binary_v12_0_14_legacy has unconnected port l[3]
WARNING: [Synth 8-3331] design c_counter_binary_v12_0_14_legacy has unconnected port l[2]
WARNING: [Synth 8-3331] design c_counter_binary_v12_0_14_legacy has unconnected port l[1]
WARNING: [Synth 8-3331] design c_counter_binary_v12_0_14_legacy has unconnected port l[0]
WARNING: [Synth 8-3331] design c_counter_binary_v12_0_14_legacy has unconnected port iv[31]
WARNING: [Synth 8-3331] design c_counter_binary_v12_0_14_legacy has unconnected port iv[30]
WARNING: [Synth 8-3331] design c_counter_binary_v12_0_14_legacy has unconnected port iv[29]
WARNING: [Synth 8-3331] design c_counter_binary_v12_0_14_legacy has unconnected port iv[28]
WARNING: [Synth 8-3331] design c_counter_binary_v12_0_14_legacy has unconnected port iv[27]
WARNING: [Synth 8-3331] design c_counter_binary_v12_0_14_legacy has unconnected port iv[26]
WARNING: [Synth 8-3331] design c_counter_binary_v12_0_14_legacy has unconnected port iv[25]
WARNING: [Synth 8-3331] design c_counter_binary_v12_0_14_legacy has unconnected port iv[24]
WARNING: [Synth 8-3331] design c_counter_binary_v12_0_14_legacy has unconnected port iv[23]
WARNING: [Synth 8-3331] design c_counter_binary_v12_0_14_legacy has unconnected port iv[22]
WARNING: [Synth 8-3331] design c_counter_binary_v12_0_14_legacy has unconnected port iv[21]
WARNING: [Synth 8-3331] design c_counter_binary_v12_0_14_legacy has unconnected port iv[20]
WARNING: [Synth 8-3331] design c_counter_binary_v12_0_14_legacy has unconnected port iv[19]
WARNING: [Synth 8-3331] design c_counter_binary_v12_0_14_legacy has unconnected port iv[18]
WARNING: [Synth 8-3331] design c_counter_binary_v12_0_14_legacy has unconnected port iv[17]
WARNING: [Synth 8-3331] design c_counter_binary_v12_0_14_legacy has unconnected port iv[16]
WARNING: [Synth 8-3331] design c_counter_binary_v12_0_14_legacy has unconnected port iv[15]
WARNING: [Synth 8-3331] design c_counter_binary_v12_0_14_legacy has unconnected port iv[14]
WARNING: [Synth 8-3331] design c_counter_binary_v12_0_14_legacy has unconnected port iv[13]
WARNING: [Synth 8-3331] design c_counter_binary_v12_0_14_legacy has unconnected port iv[12]
INFO: [Common 17-14] Message 'Synth 8-3331' appears 100 times and further instances of the messages will be disabled. Use the Tcl command set_msg_config to change the current settings.
---------------------------------------------------------------------------------
Finished RTL Elaboration : Time (s): cpu = 00:00:06 ; elapsed = 00:00:15 . Memory (MB): peak = 2157.641 ; gain = 275.414 ; free physical = 250854 ; free virtual = 481562
---------------------------------------------------------------------------------

Report Check Netlist: 
+------+------------------+-------+---------+-------+------------------+
|      |Item              |Errors |Warnings |Status |Description       |
+------+------------------+-------+---------+-------+------------------+
|1     |multi_driven_nets |      0|        0|Passed |Multi driven nets |
+------+------------------+-------+---------+-------+------------------+
---------------------------------------------------------------------------------
Start Handling Custom Attributes
---------------------------------------------------------------------------------
---------------------------------------------------------------------------------
Finished Handling Custom Attributes : Time (s): cpu = 00:00:06 ; elapsed = 00:00:16 . Memory (MB): peak = 2157.641 ; gain = 275.414 ; free physical = 250831 ; free virtual = 481539
---------------------------------------------------------------------------------
---------------------------------------------------------------------------------
Finished RTL Optimization Phase 1 : Time (s): cpu = 00:00:06 ; elapsed = 00:00:16 . Memory (MB): peak = 2157.641 ; gain = 275.414 ; free physical = 250831 ; free virtual = 481539
---------------------------------------------------------------------------------
Netlist sorting complete. Time (s): cpu = 00:00:00 ; elapsed = 00:00:00 . Memory (MB): peak = 2168.535 ; gain = 0.000 ; free physical = 250813 ; free virtual = 481521
INFO: [Netlist 29-17] Analyzing 63 Unisim elements for replacement
INFO: [Netlist 29-28] Unisim Transformation completed in 0 CPU seconds
INFO: [Project 1-570] Preparing netlist for logic optimization

Processing XDC Constraints
Initializing timing engine
Parsing XDC File [/users/wstoy/Documents/vivado/projects/k410t_jesd/k410t_jesd.srcs/sources_1/bd/design_1/ip/design_1_c_counter_binary_0_0/design_1_c_counter_binary_0_0_ooc.xdc] for cell 'U0'
Finished Parsing XDC File [/users/wstoy/Documents/vivado/projects/k410t_jesd/k410t_jesd.srcs/sources_1/bd/design_1/ip/design_1_c_counter_binary_0_0/design_1_c_counter_binary_0_0_ooc.xdc] for cell 'U0'
Parsing XDC File [/users/wstoy/Documents/vivado/projects/k410t_jesd/k410t_jesd.runs/design_1_c_counter_binary_0_0_synth_1/dont_touch.xdc]
Finished Parsing XDC File [/users/wstoy/Documents/vivado/projects/k410t_jesd/k410t_jesd.runs/design_1_c_counter_binary_0_0_synth_1/dont_touch.xdc]
Completed Processing XDC Constraints

Netlist sorting complete. Time (s): cpu = 00:00:00 ; elapsed = 00:00:00 . Memory (MB): peak = 2311.379 ; gain = 0.000 ; free physical = 250652 ; free virtual = 481360
INFO: [Project 1-111] Unisim Transformation Summary:
No Unisim elements were transformed.

Constraint Validation Runtime : Time (s): cpu = 00:00:00.03 ; elapsed = 00:00:00.07 . Memory (MB): peak = 2311.383 ; gain = 0.004 ; free physical = 250678 ; free virtual = 481386
---------------------------------------------------------------------------------
Finished Constraint Validation : Time (s): cpu = 00:00:12 ; elapsed = 00:00:27 . Memory (MB): peak = 2311.383 ; gain = 429.156 ; free physical = 250785 ; free virtual = 481493
---------------------------------------------------------------------------------
---------------------------------------------------------------------------------
Start Loading Part and Timing Information
---------------------------------------------------------------------------------
Loading part: xc7k410tffg676-1
---------------------------------------------------------------------------------
Finished Loading Part and Timing Information : Time (s): cpu = 00:00:12 ; elapsed = 00:00:27 . Memory (MB): peak = 2311.383 ; gain = 429.156 ; free physical = 250785 ; free virtual = 481493
---------------------------------------------------------------------------------
---------------------------------------------------------------------------------
Start Applying 'set_property' XDC Constraints
---------------------------------------------------------------------------------
Applied set_property DONT_TOUCH = true for U0. (constraint file  /users/wstoy/Documents/vivado/projects/k410t_jesd/k410t_jesd.runs/design_1_c_counter_binary_0_0_synth_1/dont_touch.xdc, line 9).
---------------------------------------------------------------------------------
Finished applying 'set_property' XDC Constraints : Time (s): cpu = 00:00:12 ; elapsed = 00:00:27 . Memory (MB): peak = 2311.383 ; gain = 429.156 ; free physical = 250785 ; free virtual = 481493
---------------------------------------------------------------------------------
---------------------------------------------------------------------------------
Finished RTL Optimization Phase 2 : Time (s): cpu = 00:00:13 ; elapsed = 00:00:27 . Memory (MB): peak = 2311.383 ; gain = 429.156 ; free physical = 250789 ; free virtual = 481498
---------------------------------------------------------------------------------

Report RTL Partitions: 
+-+--------------+------------+----------+
| |RTL Partition |Replication |Instances |
+-+--------------+------------+----------+
+-+--------------+------------+----------+
---------------------------------------------------------------------------------
Start RTL Component Statistics 
---------------------------------------------------------------------------------
---------------------------------------------------------------------------------
Finished RTL Component Statistics 
---------------------------------------------------------------------------------
---------------------------------------------------------------------------------
Start RTL Hierarchical Component Statistics 
---------------------------------------------------------------------------------
---------------------------------------------------------------------------------
Finished RTL Hierarchical Component Statistics
---------------------------------------------------------------------------------
---------------------------------------------------------------------------------
Start Part Resource Summary
---------------------------------------------------------------------------------
Part Resources:
DSPs: 1540 (col length:140)
BRAMs: 1590 (col length: RAMB18 140 RAMB36 70)
---------------------------------------------------------------------------------
Finished Part Resource Summary
---------------------------------------------------------------------------------
---------------------------------------------------------------------------------
Start Cross Boundary and Area Optimization
---------------------------------------------------------------------------------
Warning: Parallel synthesis criteria is not met 
---------------------------------------------------------------------------------
Finished Cross Boundary and Area Optimization : Time (s): cpu = 00:00:13 ; elapsed = 00:00:28 . Memory (MB): peak = 2311.383 ; gain = 429.156 ; free physical = 250768 ; free virtual = 481479
---------------------------------------------------------------------------------

Report RTL Partitions: 
+-+--------------+------------+----------+
| |RTL Partition |Replication |Instances |
+-+--------------+------------+----------+
+-+--------------+------------+----------+
---------------------------------------------------------------------------------
Start Applying XDC Timing Constraints
---------------------------------------------------------------------------------
---------------------------------------------------------------------------------
Finished Applying XDC Timing Constraints : Time (s): cpu = 00:00:19 ; elapsed = 00:00:38 . Memory (MB): peak = 2311.383 ; gain = 429.156 ; free physical = 250580 ; free virtual = 481304
---------------------------------------------------------------------------------
---------------------------------------------------------------------------------
Start Timing Optimization
---------------------------------------------------------------------------------
---------------------------------------------------------------------------------
Finished Timing Optimization : Time (s): cpu = 00:00:19 ; elapsed = 00:00:38 . Memory (MB): peak = 2311.383 ; gain = 429.156 ; free physical = 250579 ; free virtual = 481303
---------------------------------------------------------------------------------

Report RTL Partitions: 
+-+--------------+------------+----------+
| |RTL Partition |Replication |Instances |
+-+--------------+------------+----------+
+-+--------------+------------+----------+
---------------------------------------------------------------------------------
Start Technology Mapping
---------------------------------------------------------------------------------
---------------------------------------------------------------------------------
Finished Technology Mapping : Time (s): cpu = 00:00:19 ; elapsed = 00:00:38 . Memory (MB): peak = 2311.383 ; gain = 429.156 ; free physical = 250579 ; free virtual = 481302
---------------------------------------------------------------------------------

Report RTL Partitions: 
+-+--------------+------------+----------+
| |RTL Partition |Replication |Instances |
+-+--------------+------------+----------+
+-+--------------+------------+----------+
---------------------------------------------------------------------------------
Start IO Insertion
---------------------------------------------------------------------------------
---------------------------------------------------------------------------------
Start Flattening Before IO Insertion
---------------------------------------------------------------------------------
---------------------------------------------------------------------------------
Finished Flattening Before IO Insertion
---------------------------------------------------------------------------------
---------------------------------------------------------------------------------
Start Final Netlist Cleanup
---------------------------------------------------------------------------------
---------------------------------------------------------------------------------
Finished Final Netlist Cleanup
---------------------------------------------------------------------------------
---------------------------------------------------------------------------------
Finished IO Insertion : Time (s): cpu = 00:00:22 ; elapsed = 00:00:41 . Memory (MB): peak = 2311.383 ; gain = 429.156 ; free physical = 250565 ; free virtual = 481289
---------------------------------------------------------------------------------
---------------------------------------------------------------------------------
Start Renaming Generated Instances
---------------------------------------------------------------------------------
---------------------------------------------------------------------------------
Finished Renaming Generated Instances : Time (s): cpu = 00:00:22 ; elapsed = 00:00:41 . Memory (MB): peak = 2311.383 ; gain = 429.156 ; free physical = 250565 ; free virtual = 481288
---------------------------------------------------------------------------------

Report RTL Partitions: 
+-+--------------+------------+----------+
| |RTL Partition |Replication |Instances |
+-+--------------+------------+----------+
+-+--------------+------------+----------+

Report Check Netlist: 
+------+------------------+-------+---------+-------+------------------+
|      |Item              |Errors |Warnings |Status |Description       |
+------+------------------+-------+---------+-------+------------------+
|1     |multi_driven_nets |      0|        0|Passed |Multi driven nets |
+------+------------------+-------+---------+-------+------------------+
---------------------------------------------------------------------------------
Start Rebuilding User Hierarchy
---------------------------------------------------------------------------------
---------------------------------------------------------------------------------
Finished Rebuilding User Hierarchy : Time (s): cpu = 00:00:22 ; elapsed = 00:00:41 . Memory (MB): peak = 2311.383 ; gain = 429.156 ; free physical = 250562 ; free virtual = 481286
---------------------------------------------------------------------------------
---------------------------------------------------------------------------------
Start Renaming Generated Ports
---------------------------------------------------------------------------------
---------------------------------------------------------------------------------
Finished Renaming Generated Ports : Time (s): cpu = 00:00:22 ; elapsed = 00:00:41 . Memory (MB): peak = 2311.383 ; gain = 429.156 ; free physical = 250562 ; free virtual = 481286
---------------------------------------------------------------------------------
---------------------------------------------------------------------------------
Start Handling Custom Attributes
---------------------------------------------------------------------------------
---------------------------------------------------------------------------------
Finished Handling Custom Attributes : Time (s): cpu = 00:00:22 ; elapsed = 00:00:41 . Memory (MB): peak = 2311.383 ; gain = 429.156 ; free physical = 250561 ; free virtual = 481285
---------------------------------------------------------------------------------
---------------------------------------------------------------------------------
Start Renaming Generated Nets
---------------------------------------------------------------------------------
---------------------------------------------------------------------------------
Finished Renaming Generated Nets : Time (s): cpu = 00:00:22 ; elapsed = 00:00:41 . Memory (MB): peak = 2311.383 ; gain = 429.156 ; free physical = 250561 ; free virtual = 481285
---------------------------------------------------------------------------------
---------------------------------------------------------------------------------
Start Writing Synthesis Report
---------------------------------------------------------------------------------

Report BlackBoxes: 
+-+--------------+----------+
| |BlackBox name |Instances |
+-+--------------+----------+
+-+--------------+----------+

Report Cell Usage: 
+------+------+------+
|      |Cell  |Count |
+------+------+------+
|1     |LUT1  |     1|
|2     |MUXCY |    31|
|3     |XORCY |    32|
|4     |FDRE  |    32|
+------+------+------+
---------------------------------------------------------------------------------
Finished Writing Synthesis Report : Time (s): cpu = 00:00:22 ; elapsed = 00:00:41 . Memory (MB): peak = 2311.383 ; gain = 429.156 ; free physical = 250560 ; free virtual = 481283
---------------------------------------------------------------------------------
Synthesis finished with 0 errors, 0 critical warnings and 36 warnings.
Synthesis Optimization Runtime : Time (s): cpu = 00:00:19 ; elapsed = 00:00:38 . Memory (MB): peak = 2311.383 ; gain = 275.414 ; free physical = 250591 ; free virtual = 481315
Synthesis Optimization Complete : Time (s): cpu = 00:00:22 ; elapsed = 00:00:42 . Memory (MB): peak = 2311.383 ; gain = 429.156 ; free physical = 250591 ; free virtual = 481314
INFO: [Project 1-571] Translating synthesized netlist
Netlist sorting complete. Time (s): cpu = 00:00:00 ; elapsed = 00:00:00 . Memory (MB): peak = 2311.383 ; gain = 0.000 ; free physical = 250618 ; free virtual = 481341
INFO: [Netlist 29-17] Analyzing 63 Unisim elements for replacement
INFO: [Netlist 29-28] Unisim Transformation completed in 0 CPU seconds
INFO: [Project 1-570] Preparing netlist for logic optimization
INFO: [Opt 31-138] Pushed 0 inverter(s) to 0 load pin(s).
Netlist sorting complete. Time (s): cpu = 00:00:00 ; elapsed = 00:00:00 . Memory (MB): peak = 2311.383 ; gain = 0.000 ; free physical = 250576 ; free virtual = 481300
INFO: [Project 1-111] Unisim Transformation Summary:
  A total of 8 instances were transformed.
  (MUXCY,XORCY) => CARRY4: 8 instances

INFO: [Common 17-83] Releasing license: Synthesis
22 Infos, 118 Warnings, 20 Critical Warnings and 0 Errors encountered.
synth_design completed successfully
synth_design: Time (s): cpu = 00:00:30 ; elapsed = 00:00:56 . Memory (MB): peak = 2311.383 ; gain = 739.629 ; free physical = 250699 ; free virtual = 481423
Netlist sorting complete. Time (s): cpu = 00:00:00 ; elapsed = 00:00:00 . Memory (MB): peak = 2311.383 ; gain = 0.000 ; free physical = 250699 ; free virtual = 481423
WARNING: [Constraints 18-5210] No constraints selected for write.
Resolution: This message can indicate that there are no constraints for the design, or it can indicate that the used_in flags are set such that the constraints are ignored. This later case is used when running synth_design to not write synthesis constraints to the resulting checkpoint. Instead, project constraints are read when the synthesized design is opened.
INFO: [Common 17-1381] The checkpoint '/users/wstoy/Documents/vivado/projects/k410t_jesd/k410t_jesd.runs/design_1_c_counter_binary_0_0_synth_1/design_1_c_counter_binary_0_0.dcp' has been generated.
WARNING: [Common 17-576] 'use_project_ipc' is deprecated. This option is deprecated and no longer used.
INFO: [Coretcl 2-1648] Added synthesis output to IP cache for IP design_1_c_counter_binary_0_0, cache-ID = 979c0497270aee7c
INFO: [Coretcl 2-1174] Renamed 7 cell refs.
Netlist sorting complete. Time (s): cpu = 00:00:00 ; elapsed = 00:00:00 . Memory (MB): peak = 2311.383 ; gain = 0.000 ; free physical = 250684 ; free virtual = 481416
WARNING: [Constraints 18-5210] No constraints selected for write.
Resolution: This message can indicate that there are no constraints for the design, or it can indicate that the used_in flags are set such that the constraints are ignored. This later case is used when running synth_design to not write synthesis constraints to the resulting checkpoint. Instead, project constraints are read when the synthesized design is opened.
INFO: [Common 17-1381] The checkpoint '/users/wstoy/Documents/vivado/projects/k410t_jesd/k410t_jesd.runs/design_1_c_counter_binary_0_0_synth_1/design_1_c_counter_binary_0_0.dcp' has been generated.
INFO: [runtcl-4] Executing : report_utilization -file design_1_c_counter_binary_0_0_utilization_synth.rpt -pb design_1_c_counter_binary_0_0_utilization_synth.pb
INFO: [Common 17-206] Exiting Vivado at Tue Oct 31 14:53:17 2023...
