
*** Running vivado
    with args -log design_1_okAXI4LiteInterface_0_0.vds -m64 -product Vivado -mode batch -messageDb vivado.pb -notrace -source design_1_okAXI4LiteInterface_0_0.tcl


****** Vivado v2019.2 (64-bit)
  **** SW Build 2708876 on Wed Nov  6 21:39:14 MST 2019
  **** IP Build 2700528 on Thu Nov  7 00:09:20 MST 2019
    ** Copyright 1986-2019 Xilinx, Inc. All Rights Reserved.

source design_1_okAXI4LiteInterface_0_0.tcl -notrace
WARNING: [Board 49-69] Validation failed for board file /users/wstoy/Documents/vivado/XilinxBoardStore/boards/OpalKelly/XEM7320-A200/1.0/board.xml:
 Component Sub Type should be ddr/switch/push_button/lcd/led/ethernet/sfp/sma/mux/reset/system_reset/uart/mgt_clock/system_clock/memory_flash_qspi/memory_flash_bpi/memory/dimm/pmod/fmc_hpc/fmc_lpc/fmc_plus/pcie/fixed_io/chip for opalkelly.com:xem7320-a200:szg_port_a:1.0

WARNING: [Board 49-69] Validation failed for board file /users/wstoy/Documents/vivado/XilinxBoardStore/boards/OpalKelly/SZG-ENET1G/1.1/board.xml:
 Component Sub Type should be ddr/switch/push_button/lcd/led/ethernet/sfp/sma/mux/reset/system_reset/uart/mgt_clock/system_clock/memory_flash_qspi/memory_flash_bpi/memory/dimm/pmod/fmc_hpc/fmc_lpc/fmc_plus/pcie/fixed_io/chip for opalkelly.com:szg_enet1g:szg_port_std:1.1

WARNING: [Board 49-69] Validation failed for board file /users/wstoy/Documents/vivado/XilinxBoardStore/boards/OpalKelly/BRK1900-7EV/1.0/board.xml:
 Component Sub Type should be ddr/switch/push_button/lcd/led/ethernet/sfp/sma/mux/reset/system_reset/uart/mgt_clock/system_clock/memory_flash_qspi/memory_flash_bpi/memory/dimm/pmod/fmc_hpc/fmc_lpc/fmc_plus/pcie/fixed_io/chip for opalkelly.com:brk1900-7ev:szg_port_a:1.0

WARNING: [Board 49-69] Validation failed for board file /users/wstoy/Documents/vivado/XilinxBoardStore/boards/OpalKelly/BRK1900-7EG/1.0/board.xml:
 Component Sub Type should be ddr/switch/push_button/lcd/led/ethernet/sfp/sma/mux/reset/system_reset/uart/mgt_clock/system_clock/memory_flash_qspi/memory_flash_bpi/memory/dimm/pmod/fmc_hpc/fmc_lpc/fmc_plus/pcie/fixed_io/chip for opalkelly.com:brk1900-7eg:szg_port_a:1.0

WARNING: [Board 49-69] Validation failed for board file /users/wstoy/Documents/vivado/XilinxBoardStore/boards/OpalKelly/SZG-PCIEX4/1.0/board.xml:
 Component Sub Type should be ddr/switch/push_button/lcd/led/ethernet/sfp/sma/mux/reset/system_reset/uart/mgt_clock/system_clock/memory_flash_qspi/memory_flash_bpi/memory/dimm/pmod/fmc_hpc/fmc_lpc/fmc_plus/pcie/fixed_io/chip for opalkelly.com:szg_pciex4:szg_port_txr4:1.0

WARNING: [Board 49-69] Validation failed for board file /users/wstoy/Documents/vivado/XilinxBoardStore/boards/OpalKelly/XEM7320-A75/1.0/board.xml:
 Component Sub Type should be ddr/switch/push_button/lcd/led/ethernet/sfp/sma/mux/reset/system_reset/uart/mgt_clock/system_clock/memory_flash_qspi/memory_flash_bpi/memory/dimm/pmod/fmc_hpc/fmc_lpc/fmc_plus/pcie/fixed_io/chip for opalkelly.com:xem7320-a75:szg_port_a:1.0

WARNING: [Board 49-69] Validation failed for board file /users/wstoy/Documents/vivado/XilinxBoardStore/boards/OpalKelly/BRK1900-7CG/1.0/board.xml:
 Component Sub Type should be ddr/switch/push_button/lcd/led/ethernet/sfp/sma/mux/reset/system_reset/uart/mgt_clock/system_clock/memory_flash_qspi/memory_flash_bpi/memory/dimm/pmod/fmc_hpc/fmc_lpc/fmc_plus/pcie/fixed_io/chip for opalkelly.com:brk1900-7cg:szg_port_a:1.0

WARNING: [Board 49-69] Validation failed for board file /users/wstoy/Documents/vivado/XilinxBoardStore/boards/OpalKelly/SZG-MIPI-8320/1.0/board.xml:
 Component Sub Type should be ddr/switch/push_button/lcd/led/ethernet/sfp/sma/mux/reset/system_reset/uart/mgt_clock/system_clock/memory_flash_qspi/memory_flash_bpi/memory/dimm/pmod/fmc_hpc/fmc_lpc/fmc_plus/pcie/fixed_io/chip for opalkelly.com:szg_mipi_8320:szg_port_std:1.0

WARNING: [Board 49-69] Validation failed for board file /users/wstoy/Documents/vivado/XilinxBoardStore/boards/OpalKelly/XEM8320-AU25P/1.2/board.xml:
 Component Sub Type should be ddr/switch/push_button/lcd/led/ethernet/sfp/sma/mux/reset/system_reset/uart/mgt_clock/system_clock/memory_flash_qspi/memory_flash_bpi/memory/dimm/pmod/fmc_hpc/fmc_lpc/fmc_plus/pcie/fixed_io/chip for opalkelly.com:xem8320-au25p:szg_port_a:1.2

WARNING: [Board 49-69] Validation failed for board file /users/wstoy/Documents/vivado/XilinxBoardStore/boards/OpalKelly/XEM7320-A200/1.0/board.xml:
 Component Sub Type should be ddr/switch/push_button/lcd/led/ethernet/sfp/sma/mux/reset/system_reset/uart/mgt_clock/system_clock/memory_flash_qspi/memory_flash_bpi/memory/dimm/pmod/fmc_hpc/fmc_lpc/fmc_plus/pcie/fixed_io/chip for opalkelly.com:xem7320-a200:szg_port_a:1.0

WARNING: [Board 49-69] Validation failed for board file /users/wstoy/Documents/vivado/XilinxBoardStore/boards/OpalKelly/SZG-ENET1G/1.1/board.xml:
 Component Sub Type should be ddr/switch/push_button/lcd/led/ethernet/sfp/sma/mux/reset/system_reset/uart/mgt_clock/system_clock/memory_flash_qspi/memory_flash_bpi/memory/dimm/pmod/fmc_hpc/fmc_lpc/fmc_plus/pcie/fixed_io/chip for opalkelly.com:szg_enet1g:szg_port_std:1.1

WARNING: [Board 49-69] Validation failed for board file /users/wstoy/Documents/vivado/XilinxBoardStore/boards/OpalKelly/BRK1900-7EV/1.0/board.xml:
 Component Sub Type should be ddr/switch/push_button/lcd/led/ethernet/sfp/sma/mux/reset/system_reset/uart/mgt_clock/system_clock/memory_flash_qspi/memory_flash_bpi/memory/dimm/pmod/fmc_hpc/fmc_lpc/fmc_plus/pcie/fixed_io/chip for opalkelly.com:brk1900-7ev:szg_port_a:1.0

WARNING: [Board 49-69] Validation failed for board file /users/wstoy/Documents/vivado/XilinxBoardStore/boards/OpalKelly/BRK1900-7EG/1.0/board.xml:
 Component Sub Type should be ddr/switch/push_button/lcd/led/ethernet/sfp/sma/mux/reset/system_reset/uart/mgt_clock/system_clock/memory_flash_qspi/memory_flash_bpi/memory/dimm/pmod/fmc_hpc/fmc_lpc/fmc_plus/pcie/fixed_io/chip for opalkelly.com:brk1900-7eg:szg_port_a:1.0

WARNING: [Board 49-69] Validation failed for board file /users/wstoy/Documents/vivado/XilinxBoardStore/boards/OpalKelly/SZG-PCIEX4/1.0/board.xml:
 Component Sub Type should be ddr/switch/push_button/lcd/led/ethernet/sfp/sma/mux/reset/system_reset/uart/mgt_clock/system_clock/memory_flash_qspi/memory_flash_bpi/memory/dimm/pmod/fmc_hpc/fmc_lpc/fmc_plus/pcie/fixed_io/chip for opalkelly.com:szg_pciex4:szg_port_txr4:1.0

WARNING: [Board 49-69] Validation failed for board file /users/wstoy/Documents/vivado/XilinxBoardStore/boards/OpalKelly/XEM7320-A75/1.0/board.xml:
 Component Sub Type should be ddr/switch/push_button/lcd/led/ethernet/sfp/sma/mux/reset/system_reset/uart/mgt_clock/system_clock/memory_flash_qspi/memory_flash_bpi/memory/dimm/pmod/fmc_hpc/fmc_lpc/fmc_plus/pcie/fixed_io/chip for opalkelly.com:xem7320-a75:szg_port_a:1.0

WARNING: [Board 49-69] Validation failed for board file /users/wstoy/Documents/vivado/XilinxBoardStore/boards/OpalKelly/BRK1900-7CG/1.0/board.xml:
 Component Sub Type should be ddr/switch/push_button/lcd/led/ethernet/sfp/sma/mux/reset/system_reset/uart/mgt_clock/system_clock/memory_flash_qspi/memory_flash_bpi/memory/dimm/pmod/fmc_hpc/fmc_lpc/fmc_plus/pcie/fixed_io/chip for opalkelly.com:brk1900-7cg:szg_port_a:1.0

WARNING: [Board 49-69] Validation failed for board file /users/wstoy/Documents/vivado/XilinxBoardStore/boards/OpalKelly/SZG-MIPI-8320/1.0/board.xml:
 Component Sub Type should be ddr/switch/push_button/lcd/led/ethernet/sfp/sma/mux/reset/system_reset/uart/mgt_clock/system_clock/memory_flash_qspi/memory_flash_bpi/memory/dimm/pmod/fmc_hpc/fmc_lpc/fmc_plus/pcie/fixed_io/chip for opalkelly.com:szg_mipi_8320:szg_port_std:1.0

WARNING: [Board 49-69] Validation failed for board file /users/wstoy/Documents/vivado/XilinxBoardStore/boards/OpalKelly/XEM8320-AU25P/1.2/board.xml:
 Component Sub Type should be ddr/switch/push_button/lcd/led/ethernet/sfp/sma/mux/reset/system_reset/uart/mgt_clock/system_clock/memory_flash_qspi/memory_flash_bpi/memory/dimm/pmod/fmc_hpc/fmc_lpc/fmc_plus/pcie/fixed_io/chip for opalkelly.com:xem8320-au25p:szg_port_a:1.2

INFO: [IP_Flow 19-234] Refreshing IP repositories
WARNING: [IP_Flow 19-2248] Failed to load user IP repository '/users/wstoy/Documents/vivado/vivado/IP/FrontPanel-Vivado-IP-Dist-v1.0.5'; Can't find the specified path.
If this directory should no longer be in your list of user repositories, go to the IP Settings dialog and remove it.
INFO: [IP_Flow 19-1700] Loaded user IP repository '/users/wstoy/Documents/vivado/IP/FrontPanel-Vivado-IP-Dist-v1.0.5'.
WARNING: [IP_Flow 19-2248] Failed to load user IP repository '/users/wstoy/Documents/vivado/projects/Documents/FrontPanel-Vivado-IP-Dist-v1.0.5'; Can't find the specified path.
If this directory should no longer be in your list of user repositories, go to the IP Settings dialog and remove it.
INFO: [IP_Flow 19-2313] Loaded Vivado IP repository '/tools/cad/xilinx/Vivado/2019.2/data/ip'.
Command: synth_design -top design_1_okAXI4LiteInterface_0_0 -part xc7k410tffg676-1 -mode out_of_context
Starting synth_design
WARNING: [IP_Flow 19-3571] IP 'design_1_okAXI4LiteInterface_0_0' is restricted:
* Module reference is stale and needs refreshing.
Attempting to get a license for feature 'Synthesis' and/or device 'xc7k410t'
INFO: [Common 17-349] Got license for feature 'Synthesis' and/or device 'xc7k410t'
INFO: [Common 17-1540] The version limit for your license is '2020.01' and has expired for new software. A version limit expiration means that, although you may be able to continue to use the current version of tools or IP with this license, you will not be eligible for any updates or new releases.
INFO: [Device 21-403] Loading part xc7k410tffg676-1
INFO: Launching helper process for spawning children vivado processes
INFO: Helper process launched with PID 79213 
---------------------------------------------------------------------------------
Starting RTL Elaboration : Time (s): cpu = 00:00:05 ; elapsed = 00:00:26 . Memory (MB): peak = 2088.004 ; gain = 199.699 ; free physical = 103863 ; free virtual = 417781
---------------------------------------------------------------------------------
INFO: [Synth 8-6157] synthesizing module 'design_1_okAXI4LiteInterface_0_0' [/users/wstoy/Documents/vivado/projects/k410t_jesd/k410t_jesd.srcs/sources_1/bd/design_1/ip/design_1_okAXI4LiteInterface_0_0/synth/design_1_okAXI4LiteInterface_0_0.v:58]
INFO: [Synth 8-6157] synthesizing module 'okAXI4LiteInterface' [/users/wstoy/Documents/vivado/projects/k410t_jesd/k410t_jesd.srcs/sources_1/imports/opalkelly-frontpanel-axi4lite-interface/okAXI4LiteInterface.v:23]
	Parameter ADDR_WIDTH bound to: 12 - type: integer 
	Parameter DATA_WIDTH bound to: 32 - type: integer 
	Parameter WORD_LENGTH bound to: 32 - type: integer 
	Parameter STATE_IDLE bound to: 0 - type: integer 
	Parameter STATE_RESET bound to: 1 - type: integer 
	Parameter STATE_AXI_RXTX bound to: 2 - type: integer 
	Parameter MAX_RX_WORDS_FROM_OK bound to: 4 - type: integer 
	Parameter CLOCK_CYCLES_AXI_RESET bound to: 21 - type: integer 
	Parameter reset_index bound to: 0 - type: integer 
	Parameter write_index bound to: 1 - type: integer 
	Parameter read_index bound to: 2 - type: integer 
INFO: [Synth 8-155] case statement is not full and has no default [/users/wstoy/Documents/vivado/projects/k410t_jesd/k410t_jesd.srcs/sources_1/imports/opalkelly-frontpanel-axi4lite-interface/okAXI4LiteInterface.v:244]
INFO: [Synth 8-155] case statement is not full and has no default [/users/wstoy/Documents/vivado/projects/k410t_jesd/k410t_jesd.srcs/sources_1/imports/opalkelly-frontpanel-axi4lite-interface/okAXI4LiteInterface.v:231]
INFO: [Synth 8-6155] done synthesizing module 'okAXI4LiteInterface' (1#1) [/users/wstoy/Documents/vivado/projects/k410t_jesd/k410t_jesd.srcs/sources_1/imports/opalkelly-frontpanel-axi4lite-interface/okAXI4LiteInterface.v:23]
INFO: [Synth 8-6155] done synthesizing module 'design_1_okAXI4LiteInterface_0_0' (2#1) [/users/wstoy/Documents/vivado/projects/k410t_jesd/k410t_jesd.srcs/sources_1/bd/design_1/ip/design_1_okAXI4LiteInterface_0_0/synth/design_1_okAXI4LiteInterface_0_0.v:58]
WARNING: [Synth 8-3331] design okAXI4LiteInterface has unconnected port m_axi_bresp[1]
WARNING: [Synth 8-3331] design okAXI4LiteInterface has unconnected port m_axi_bresp[0]
WARNING: [Synth 8-3331] design okAXI4LiteInterface has unconnected port m_axi_rresp[1]
WARNING: [Synth 8-3331] design okAXI4LiteInterface has unconnected port m_axi_rresp[0]
---------------------------------------------------------------------------------
Finished RTL Elaboration : Time (s): cpu = 00:00:06 ; elapsed = 00:00:31 . Memory (MB): peak = 2152.734 ; gain = 264.430 ; free physical = 104033 ; free virtual = 417955
---------------------------------------------------------------------------------

Report Check Netlist: 
+------+------------------+-------+---------+-------+------------------+
|      |Item              |Errors |Warnings |Status |Description       |
+------+------------------+-------+---------+-------+------------------+
|1     |multi_driven_nets |      0|        0|Passed |Multi driven nets |
+------+------------------+-------+---------+-------+------------------+
---------------------------------------------------------------------------------
Start Handling Custom Attributes
---------------------------------------------------------------------------------
---------------------------------------------------------------------------------
Finished Handling Custom Attributes : Time (s): cpu = 00:00:06 ; elapsed = 00:00:33 . Memory (MB): peak = 2152.734 ; gain = 264.430 ; free physical = 104058 ; free virtual = 417983
---------------------------------------------------------------------------------
---------------------------------------------------------------------------------
Finished RTL Optimization Phase 1 : Time (s): cpu = 00:00:06 ; elapsed = 00:00:33 . Memory (MB): peak = 2152.734 ; gain = 264.430 ; free physical = 104058 ; free virtual = 417983
---------------------------------------------------------------------------------
Netlist sorting complete. Time (s): cpu = 00:00:00 ; elapsed = 00:00:00 . Memory (MB): peak = 2152.734 ; gain = 0.000 ; free physical = 104046 ; free virtual = 417971
INFO: [Project 1-570] Preparing netlist for logic optimization

Processing XDC Constraints
Initializing timing engine
Completed Processing XDC Constraints

Netlist sorting complete. Time (s): cpu = 00:00:00 ; elapsed = 00:00:00 . Memory (MB): peak = 2316.504 ; gain = 0.000 ; free physical = 103638 ; free virtual = 417562
INFO: [Project 1-111] Unisim Transformation Summary:
No Unisim elements were transformed.

WARNING: [Constraints 18-5210] No constraints selected for write.
Resolution: This message can indicate that there are no constraints for the design, or it can indicate that the used_in flags are set such that the constraints are ignored. This later case is used when running synth_design to not write synthesis constraints to the resulting checkpoint. Instead, project constraints are read when the synthesized design is opened.
Constraint Validation Runtime : Time (s): cpu = 00:00:00.10 ; elapsed = 00:00:00.52 . Memory (MB): peak = 2316.508 ; gain = 0.004 ; free physical = 103784 ; free virtual = 417708
---------------------------------------------------------------------------------
Finished Constraint Validation : Time (s): cpu = 00:00:13 ; elapsed = 00:00:52 . Memory (MB): peak = 2316.508 ; gain = 428.203 ; free physical = 103777 ; free virtual = 417709
---------------------------------------------------------------------------------
---------------------------------------------------------------------------------
Start Loading Part and Timing Information
---------------------------------------------------------------------------------
Loading part: xc7k410tffg676-1
---------------------------------------------------------------------------------
Finished Loading Part and Timing Information : Time (s): cpu = 00:00:13 ; elapsed = 00:00:52 . Memory (MB): peak = 2316.508 ; gain = 428.203 ; free physical = 103780 ; free virtual = 417712
---------------------------------------------------------------------------------
---------------------------------------------------------------------------------
Start Applying 'set_property' XDC Constraints
---------------------------------------------------------------------------------
---------------------------------------------------------------------------------
Finished applying 'set_property' XDC Constraints : Time (s): cpu = 00:00:13 ; elapsed = 00:00:52 . Memory (MB): peak = 2316.508 ; gain = 428.203 ; free physical = 103802 ; free virtual = 417735
---------------------------------------------------------------------------------
INFO: [Synth 8-802] inferred FSM for state register 'state_reg' in module 'okAXI4LiteInterface'
---------------------------------------------------------------------------------------------------
                   State |                     New Encoding |                Previous Encoding 
---------------------------------------------------------------------------------------------------
              STATE_IDLE |                               00 |                             0000
             STATE_RESET |                               01 |                             0001
          STATE_AXI_RXTX |                               10 |                             0010
---------------------------------------------------------------------------------------------------
INFO: [Synth 8-3354] encoded FSM with state register 'state_reg' using encoding 'sequential' in module 'okAXI4LiteInterface'
---------------------------------------------------------------------------------
Finished RTL Optimization Phase 2 : Time (s): cpu = 00:00:13 ; elapsed = 00:00:53 . Memory (MB): peak = 2316.508 ; gain = 428.203 ; free physical = 103852 ; free virtual = 417796
---------------------------------------------------------------------------------

Report RTL Partitions: 
+-+--------------+------------+----------+
| |RTL Partition |Replication |Instances |
+-+--------------+------------+----------+
+-+--------------+------------+----------+
---------------------------------------------------------------------------------
Start RTL Component Statistics 
---------------------------------------------------------------------------------
Detailed RTL Component Info : 
+---Adders : 
	   2 Input      6 Bit       Adders := 1     
	   2 Input      3 Bit       Adders := 1     
+---Registers : 
	               32 Bit    Registers := 2     
	               12 Bit    Registers := 2     
	                6 Bit    Registers := 1     
	                3 Bit    Registers := 1     
	                1 Bit    Registers := 12    
+---Muxes : 
	   2 Input      3 Bit        Muxes := 1     
	   3 Input      2 Bit        Muxes := 1     
	   2 Input      2 Bit        Muxes := 6     
	   2 Input      1 Bit        Muxes := 7     
	   4 Input      1 Bit        Muxes := 4     
	   3 Input      1 Bit        Muxes := 22    
---------------------------------------------------------------------------------
Finished RTL Component Statistics 
---------------------------------------------------------------------------------
---------------------------------------------------------------------------------
Start RTL Hierarchical Component Statistics 
---------------------------------------------------------------------------------
Hierarchical RTL Component report 
Module okAXI4LiteInterface 
Detailed RTL Component Info : 
+---Adders : 
	   2 Input      6 Bit       Adders := 1     
	   2 Input      3 Bit       Adders := 1     
+---Registers : 
	               32 Bit    Registers := 2     
	               12 Bit    Registers := 2     
	                6 Bit    Registers := 1     
	                3 Bit    Registers := 1     
	                1 Bit    Registers := 12    
+---Muxes : 
	   2 Input      3 Bit        Muxes := 1     
	   3 Input      2 Bit        Muxes := 1     
	   2 Input      2 Bit        Muxes := 6     
	   2 Input      1 Bit        Muxes := 7     
	   4 Input      1 Bit        Muxes := 4     
	   3 Input      1 Bit        Muxes := 22    
---------------------------------------------------------------------------------
Finished RTL Hierarchical Component Statistics
---------------------------------------------------------------------------------
---------------------------------------------------------------------------------
Start Part Resource Summary
---------------------------------------------------------------------------------
Part Resources:
DSPs: 1540 (col length:140)
BRAMs: 1590 (col length: RAMB18 140 RAMB36 70)
---------------------------------------------------------------------------------
Finished Part Resource Summary
---------------------------------------------------------------------------------
---------------------------------------------------------------------------------
Start Cross Boundary and Area Optimization
---------------------------------------------------------------------------------
Warning: Parallel synthesis criteria is not met 
WARNING: [Synth 8-3331] design design_1_okAXI4LiteInterface_0_0 has unconnected port m_axi_bresp[1]
WARNING: [Synth 8-3331] design design_1_okAXI4LiteInterface_0_0 has unconnected port m_axi_bresp[0]
WARNING: [Synth 8-3331] design design_1_okAXI4LiteInterface_0_0 has unconnected port m_axi_rresp[1]
WARNING: [Synth 8-3331] design design_1_okAXI4LiteInterface_0_0 has unconnected port m_axi_rresp[0]
---------------------------------------------------------------------------------
Finished Cross Boundary and Area Optimization : Time (s): cpu = 00:00:14 ; elapsed = 00:00:54 . Memory (MB): peak = 2316.508 ; gain = 428.203 ; free physical = 103727 ; free virtual = 417678
---------------------------------------------------------------------------------

Report RTL Partitions: 
+-+--------------+------------+----------+
| |RTL Partition |Replication |Instances |
+-+--------------+------------+----------+
+-+--------------+------------+----------+
---------------------------------------------------------------------------------
Start Applying XDC Timing Constraints
---------------------------------------------------------------------------------
---------------------------------------------------------------------------------
Finished Applying XDC Timing Constraints : Time (s): cpu = 00:00:21 ; elapsed = 00:01:23 . Memory (MB): peak = 2316.508 ; gain = 428.203 ; free physical = 103682 ; free virtual = 417631
---------------------------------------------------------------------------------
---------------------------------------------------------------------------------
Start Timing Optimization
---------------------------------------------------------------------------------
---------------------------------------------------------------------------------
Finished Timing Optimization : Time (s): cpu = 00:00:21 ; elapsed = 00:01:23 . Memory (MB): peak = 2316.508 ; gain = 428.203 ; free physical = 103679 ; free virtual = 417627
---------------------------------------------------------------------------------

Report RTL Partitions: 
+-+--------------+------------+----------+
| |RTL Partition |Replication |Instances |
+-+--------------+------------+----------+
+-+--------------+------------+----------+
---------------------------------------------------------------------------------
Start Technology Mapping
---------------------------------------------------------------------------------
---------------------------------------------------------------------------------
Finished Technology Mapping : Time (s): cpu = 00:00:21 ; elapsed = 00:01:23 . Memory (MB): peak = 2316.508 ; gain = 428.203 ; free physical = 103668 ; free virtual = 417616
---------------------------------------------------------------------------------

Report RTL Partitions: 
+-+--------------+------------+----------+
| |RTL Partition |Replication |Instances |
+-+--------------+------------+----------+
+-+--------------+------------+----------+
---------------------------------------------------------------------------------
Start IO Insertion
---------------------------------------------------------------------------------
---------------------------------------------------------------------------------
Start Flattening Before IO Insertion
---------------------------------------------------------------------------------
---------------------------------------------------------------------------------
Finished Flattening Before IO Insertion
---------------------------------------------------------------------------------
---------------------------------------------------------------------------------
Start Final Netlist Cleanup
---------------------------------------------------------------------------------
---------------------------------------------------------------------------------
Finished Final Netlist Cleanup
---------------------------------------------------------------------------------
---------------------------------------------------------------------------------
Finished IO Insertion : Time (s): cpu = 00:00:25 ; elapsed = 00:01:31 . Memory (MB): peak = 2316.508 ; gain = 428.203 ; free physical = 104332 ; free virtual = 418281
---------------------------------------------------------------------------------
---------------------------------------------------------------------------------
Start Renaming Generated Instances
---------------------------------------------------------------------------------
---------------------------------------------------------------------------------
Finished Renaming Generated Instances : Time (s): cpu = 00:00:25 ; elapsed = 00:01:31 . Memory (MB): peak = 2316.508 ; gain = 428.203 ; free physical = 104333 ; free virtual = 418282
---------------------------------------------------------------------------------

Report RTL Partitions: 
+-+--------------+------------+----------+
| |RTL Partition |Replication |Instances |
+-+--------------+------------+----------+
+-+--------------+------------+----------+

Report Check Netlist: 
+------+------------------+-------+---------+-------+------------------+
|      |Item              |Errors |Warnings |Status |Description       |
+------+------------------+-------+---------+-------+------------------+
|1     |multi_driven_nets |      0|        0|Passed |Multi driven nets |
+------+------------------+-------+---------+-------+------------------+
---------------------------------------------------------------------------------
Start Rebuilding User Hierarchy
---------------------------------------------------------------------------------
---------------------------------------------------------------------------------
Finished Rebuilding User Hierarchy : Time (s): cpu = 00:00:25 ; elapsed = 00:01:31 . Memory (MB): peak = 2316.508 ; gain = 428.203 ; free physical = 104338 ; free virtual = 418287
---------------------------------------------------------------------------------
---------------------------------------------------------------------------------
Start Renaming Generated Ports
---------------------------------------------------------------------------------
---------------------------------------------------------------------------------
Finished Renaming Generated Ports : Time (s): cpu = 00:00:25 ; elapsed = 00:01:31 . Memory (MB): peak = 2316.508 ; gain = 428.203 ; free physical = 104340 ; free virtual = 418289
---------------------------------------------------------------------------------
---------------------------------------------------------------------------------
Start Handling Custom Attributes
---------------------------------------------------------------------------------
---------------------------------------------------------------------------------
Finished Handling Custom Attributes : Time (s): cpu = 00:00:25 ; elapsed = 00:01:31 . Memory (MB): peak = 2316.508 ; gain = 428.203 ; free physical = 104343 ; free virtual = 418292
---------------------------------------------------------------------------------
---------------------------------------------------------------------------------
Start Renaming Generated Nets
---------------------------------------------------------------------------------
---------------------------------------------------------------------------------
Finished Renaming Generated Nets : Time (s): cpu = 00:00:25 ; elapsed = 00:01:31 . Memory (MB): peak = 2316.508 ; gain = 428.203 ; free physical = 104343 ; free virtual = 418292
---------------------------------------------------------------------------------
---------------------------------------------------------------------------------
Start Writing Synthesis Report
---------------------------------------------------------------------------------

Report BlackBoxes: 
+-+--------------+----------+
| |BlackBox name |Instances |
+-+--------------+----------+
+-+--------------+----------+

Report Cell Usage: 
+------+-----+------+
|      |Cell |Count |
+------+-----+------+
|1     |LUT1 |     1|
|2     |LUT2 |     7|
|3     |LUT3 |     4|
|4     |LUT4 |     4|
|5     |LUT5 |     7|
|6     |LUT6 |    15|
|7     |FDRE |   111|
+------+-----+------+

Report Instance Areas: 
+------+---------+--------------------+------+
|      |Instance |Module              |Cells |
+------+---------+--------------------+------+
|1     |top      |                    |   149|
|2     |  inst   |okAXI4LiteInterface |   149|
+------+---------+--------------------+------+
---------------------------------------------------------------------------------
Finished Writing Synthesis Report : Time (s): cpu = 00:00:25 ; elapsed = 00:01:31 . Memory (MB): peak = 2316.508 ; gain = 428.203 ; free physical = 104343 ; free virtual = 418292
---------------------------------------------------------------------------------
Synthesis finished with 0 errors, 0 critical warnings and 4 warnings.
Synthesis Optimization Runtime : Time (s): cpu = 00:00:23 ; elapsed = 00:01:27 . Memory (MB): peak = 2316.508 ; gain = 264.430 ; free physical = 104491 ; free virtual = 418440
Synthesis Optimization Complete : Time (s): cpu = 00:00:25 ; elapsed = 00:01:32 . Memory (MB): peak = 2316.508 ; gain = 428.203 ; free physical = 104502 ; free virtual = 418451
INFO: [Project 1-571] Translating synthesized netlist
Netlist sorting complete. Time (s): cpu = 00:00:00 ; elapsed = 00:00:00 . Memory (MB): peak = 2316.508 ; gain = 0.000 ; free physical = 104593 ; free virtual = 418541
INFO: [Project 1-570] Preparing netlist for logic optimization
INFO: [Opt 31-138] Pushed 0 inverter(s) to 0 load pin(s).
Netlist sorting complete. Time (s): cpu = 00:00:00 ; elapsed = 00:00:00 . Memory (MB): peak = 2316.508 ; gain = 0.000 ; free physical = 104864 ; free virtual = 418813
INFO: [Project 1-111] Unisim Transformation Summary:
No Unisim elements were transformed.

INFO: [Common 17-83] Releasing license: Synthesis
21 Infos, 30 Warnings, 0 Critical Warnings and 0 Errors encountered.
synth_design completed successfully
synth_design: Time (s): cpu = 00:00:36 ; elapsed = 00:02:11 . Memory (MB): peak = 2316.508 ; gain = 750.117 ; free physical = 105027 ; free virtual = 418976
Netlist sorting complete. Time (s): cpu = 00:00:00 ; elapsed = 00:00:00 . Memory (MB): peak = 2316.508 ; gain = 0.000 ; free physical = 105025 ; free virtual = 418974
WARNING: [Constraints 18-5210] No constraints selected for write.
Resolution: This message can indicate that there are no constraints for the design, or it can indicate that the used_in flags are set such that the constraints are ignored. This later case is used when running synth_design to not write synthesis constraints to the resulting checkpoint. Instead, project constraints are read when the synthesized design is opened.
INFO: [Common 17-1381] The checkpoint '/users/wstoy/Documents/vivado/projects/k410t_jesd/k410t_jesd.runs/design_1_okAXI4LiteInterface_0_0_synth_1/design_1_okAXI4LiteInterface_0_0.dcp' has been generated.
WARNING: [Common 17-576] 'use_project_ipc' is deprecated. This option is deprecated and no longer used.
Netlist sorting complete. Time (s): cpu = 00:00:00 ; elapsed = 00:00:00 . Memory (MB): peak = 2340.523 ; gain = 0.000 ; free physical = 105949 ; free virtual = 419891
WARNING: [Constraints 18-5210] No constraints selected for write.
Resolution: This message can indicate that there are no constraints for the design, or it can indicate that the used_in flags are set such that the constraints are ignored. This later case is used when running synth_design to not write synthesis constraints to the resulting checkpoint. Instead, project constraints are read when the synthesized design is opened.
INFO: [Common 17-1381] The checkpoint '/users/wstoy/Documents/vivado/projects/k410t_jesd/k410t_jesd.runs/design_1_okAXI4LiteInterface_0_0_synth_1/design_1_okAXI4LiteInterface_0_0.dcp' has been generated.
INFO: [runtcl-4] Executing : report_utilization -file design_1_okAXI4LiteInterface_0_0_utilization_synth.rpt -pb design_1_okAXI4LiteInterface_0_0_utilization_synth.pb
INFO: [Common 17-206] Exiting Vivado at Sun Jan 28 19:36:42 2024...
