
*** Running vivado
    with args -log design_1_enabled_binary_count_0_0.vds -m64 -product Vivado -mode batch -messageDb vivado.pb -notrace -source design_1_enabled_binary_count_0_0.tcl


****** Vivado v2019.2 (64-bit)
  **** SW Build 2708876 on Wed Nov  6 21:39:14 MST 2019
  **** IP Build 2700528 on Thu Nov  7 00:09:20 MST 2019
    ** Copyright 1986-2019 Xilinx, Inc. All Rights Reserved.

source design_1_enabled_binary_count_0_0.tcl -notrace
INFO: [IP_Flow 19-234] Refreshing IP repositories
WARNING: [IP_Flow 19-2248] Failed to load user IP repository '/users/vivado/IP/FrontPanel-Vivado-IP-Dist-v1.0.5'; Can't find the specified path.
If this directory should no longer be in your list of user repositories, go to the IP Settings dialog and remove it.
INFO: [IP_Flow 19-1700] Loaded user IP repository '/users/nalarcon/Documents/FrontPanel-Vivado-IP-Dist-v1.0.5'.
INFO: [IP_Flow 19-1700] Loaded user IP repository '/users/wstoy/Documents/vivado/IP/FrontPanel-Vivado-IP-Dist-v1.0.5'.
INFO: [IP_Flow 19-2313] Loaded Vivado IP repository '/tools/cad/xilinx/Vivado/2019.2/data/ip'.
Command: synth_design -top design_1_enabled_binary_count_0_0 -part xc7k410tffg676-1 -mode out_of_context
Starting synth_design
WARNING: [IP_Flow 19-3571] IP 'design_1_enabled_binary_count_0_0' is restricted:
* Module reference is stale and needs refreshing.
Attempting to get a license for feature 'Synthesis' and/or device 'xc7k410t'
INFO: [Common 17-349] Got license for feature 'Synthesis' and/or device 'xc7k410t'
INFO: [Common 17-1540] The version limit for your license is '2020.01' and has expired for new software. A version limit expiration means that, although you may be able to continue to use the current version of tools or IP with this license, you will not be eligible for any updates or new releases.
INFO: [Device 21-403] Loading part xc7k410tffg676-1
INFO: Launching helper process for spawning children vivado processes
INFO: Helper process launched with PID 191779 
---------------------------------------------------------------------------------
Starting RTL Elaboration : Time (s): cpu = 00:00:03 ; elapsed = 00:00:08 . Memory (MB): peak = 2062.699 ; gain = 197.668 ; free physical = 732539 ; free virtual = 754688
---------------------------------------------------------------------------------
INFO: [Synth 8-6157] synthesizing module 'design_1_enabled_binary_count_0_0' [/users/nalarcon/k410t_jesd/k410t_jesd.srcs/sources_1/bd/design_1/ip/design_1_enabled_binary_count_0_0/synth/design_1_enabled_binary_count_0_0.v:58]
INFO: [Synth 8-6157] synthesizing module 'enabled_binary_counter' [/users/nalarcon/k410t_jesd/k410t_jesd.srcs/sources_1/new/enabled_binary_counter.v:23]
	Parameter step bound to: 1 - type: integer 
	Parameter width bound to: 32 - type: integer 
	Parameter max_value bound to: 17 - type: integer 
INFO: [Synth 8-6155] done synthesizing module 'enabled_binary_counter' (1#1) [/users/nalarcon/k410t_jesd/k410t_jesd.srcs/sources_1/new/enabled_binary_counter.v:23]
INFO: [Synth 8-6155] done synthesizing module 'design_1_enabled_binary_count_0_0' (2#1) [/users/nalarcon/k410t_jesd/k410t_jesd.srcs/sources_1/bd/design_1/ip/design_1_enabled_binary_count_0_0/synth/design_1_enabled_binary_count_0_0.v:58]
---------------------------------------------------------------------------------
Finished RTL Elaboration : Time (s): cpu = 00:00:04 ; elapsed = 00:00:10 . Memory (MB): peak = 2126.430 ; gain = 261.398 ; free physical = 732572 ; free virtual = 754721
---------------------------------------------------------------------------------

Report Check Netlist: 
+------+------------------+-------+---------+-------+------------------+
|      |Item              |Errors |Warnings |Status |Description       |
+------+------------------+-------+---------+-------+------------------+
|1     |multi_driven_nets |      0|        0|Passed |Multi driven nets |
+------+------------------+-------+---------+-------+------------------+
---------------------------------------------------------------------------------
Start Handling Custom Attributes
---------------------------------------------------------------------------------
---------------------------------------------------------------------------------
Finished Handling Custom Attributes : Time (s): cpu = 00:00:04 ; elapsed = 00:00:10 . Memory (MB): peak = 2126.430 ; gain = 261.398 ; free physical = 732569 ; free virtual = 754718
---------------------------------------------------------------------------------
---------------------------------------------------------------------------------
Finished RTL Optimization Phase 1 : Time (s): cpu = 00:00:04 ; elapsed = 00:00:10 . Memory (MB): peak = 2126.430 ; gain = 261.398 ; free physical = 732569 ; free virtual = 754718
---------------------------------------------------------------------------------
Netlist sorting complete. Time (s): cpu = 00:00:00 ; elapsed = 00:00:00 . Memory (MB): peak = 2126.430 ; gain = 0.000 ; free physical = 732562 ; free virtual = 754710
INFO: [Project 1-570] Preparing netlist for logic optimization

Processing XDC Constraints
Initializing timing engine
Completed Processing XDC Constraints

Netlist sorting complete. Time (s): cpu = 00:00:00 ; elapsed = 00:00:00 . Memory (MB): peak = 2262.199 ; gain = 0.000 ; free physical = 732438 ; free virtual = 754587
INFO: [Project 1-111] Unisim Transformation Summary:
No Unisim elements were transformed.

WARNING: [Constraints 18-5210] No constraints selected for write.
Resolution: This message can indicate that there are no constraints for the design, or it can indicate that the used_in flags are set such that the constraints are ignored. This later case is used when running synth_design to not write synthesis constraints to the resulting checkpoint. Instead, project constraints are read when the synthesized design is opened.
Constraint Validation Runtime : Time (s): cpu = 00:00:00.08 ; elapsed = 00:00:00.23 . Memory (MB): peak = 2262.203 ; gain = 0.004 ; free physical = 732437 ; free virtual = 754585
---------------------------------------------------------------------------------
Finished Constraint Validation : Time (s): cpu = 00:00:09 ; elapsed = 00:00:18 . Memory (MB): peak = 2262.203 ; gain = 397.172 ; free physical = 732542 ; free virtual = 754692
---------------------------------------------------------------------------------
---------------------------------------------------------------------------------
Start Loading Part and Timing Information
---------------------------------------------------------------------------------
Loading part: xc7k410tffg676-1
---------------------------------------------------------------------------------
Finished Loading Part and Timing Information : Time (s): cpu = 00:00:09 ; elapsed = 00:00:18 . Memory (MB): peak = 2262.203 ; gain = 397.172 ; free physical = 732542 ; free virtual = 754692
---------------------------------------------------------------------------------
---------------------------------------------------------------------------------
Start Applying 'set_property' XDC Constraints
---------------------------------------------------------------------------------
---------------------------------------------------------------------------------
Finished applying 'set_property' XDC Constraints : Time (s): cpu = 00:00:09 ; elapsed = 00:00:18 . Memory (MB): peak = 2262.203 ; gain = 397.172 ; free physical = 732545 ; free virtual = 754695
---------------------------------------------------------------------------------
---------------------------------------------------------------------------------
Finished RTL Optimization Phase 2 : Time (s): cpu = 00:00:09 ; elapsed = 00:00:19 . Memory (MB): peak = 2262.203 ; gain = 397.172 ; free physical = 732538 ; free virtual = 754687
---------------------------------------------------------------------------------

Report RTL Partitions: 
+-+--------------+------------+----------+
| |RTL Partition |Replication |Instances |
+-+--------------+------------+----------+
+-+--------------+------------+----------+
---------------------------------------------------------------------------------
Start RTL Component Statistics 
---------------------------------------------------------------------------------
Detailed RTL Component Info : 
+---Adders : 
	   2 Input     32 Bit       Adders := 1     
+---Registers : 
	               32 Bit    Registers := 1     
+---Muxes : 
	   2 Input     32 Bit        Muxes := 1     
---------------------------------------------------------------------------------
Finished RTL Component Statistics 
---------------------------------------------------------------------------------
---------------------------------------------------------------------------------
Start RTL Hierarchical Component Statistics 
---------------------------------------------------------------------------------
Hierarchical RTL Component report 
Module enabled_binary_counter 
Detailed RTL Component Info : 
+---Adders : 
	   2 Input     32 Bit       Adders := 1     
+---Registers : 
	               32 Bit    Registers := 1     
+---Muxes : 
	   2 Input     32 Bit        Muxes := 1     
---------------------------------------------------------------------------------
Finished RTL Hierarchical Component Statistics
---------------------------------------------------------------------------------
---------------------------------------------------------------------------------
Start Part Resource Summary
---------------------------------------------------------------------------------
Part Resources:
DSPs: 1540 (col length:140)
BRAMs: 1590 (col length: RAMB18 140 RAMB36 70)
---------------------------------------------------------------------------------
Finished Part Resource Summary
---------------------------------------------------------------------------------
---------------------------------------------------------------------------------
Start Cross Boundary and Area Optimization
---------------------------------------------------------------------------------
Warning: Parallel synthesis criteria is not met 
---------------------------------------------------------------------------------
Finished Cross Boundary and Area Optimization : Time (s): cpu = 00:00:09 ; elapsed = 00:00:19 . Memory (MB): peak = 2262.203 ; gain = 397.172 ; free physical = 732526 ; free virtual = 754678
---------------------------------------------------------------------------------

Report RTL Partitions: 
+-+--------------+------------+----------+
| |RTL Partition |Replication |Instances |
+-+--------------+------------+----------+
+-+--------------+------------+----------+
---------------------------------------------------------------------------------
Start Applying XDC Timing Constraints
---------------------------------------------------------------------------------
---------------------------------------------------------------------------------
Finished Applying XDC Timing Constraints : Time (s): cpu = 00:00:14 ; elapsed = 00:00:28 . Memory (MB): peak = 2262.203 ; gain = 397.172 ; free physical = 732407 ; free virtual = 754559
---------------------------------------------------------------------------------
---------------------------------------------------------------------------------
Start Timing Optimization
---------------------------------------------------------------------------------
---------------------------------------------------------------------------------
Finished Timing Optimization : Time (s): cpu = 00:00:14 ; elapsed = 00:00:28 . Memory (MB): peak = 2262.203 ; gain = 397.172 ; free physical = 732407 ; free virtual = 754559
---------------------------------------------------------------------------------

Report RTL Partitions: 
+-+--------------+------------+----------+
| |RTL Partition |Replication |Instances |
+-+--------------+------------+----------+
+-+--------------+------------+----------+
---------------------------------------------------------------------------------
Start Technology Mapping
---------------------------------------------------------------------------------
---------------------------------------------------------------------------------
Finished Technology Mapping : Time (s): cpu = 00:00:14 ; elapsed = 00:00:28 . Memory (MB): peak = 2262.203 ; gain = 397.172 ; free physical = 732405 ; free virtual = 754557
---------------------------------------------------------------------------------

Report RTL Partitions: 
+-+--------------+------------+----------+
| |RTL Partition |Replication |Instances |
+-+--------------+------------+----------+
+-+--------------+------------+----------+
---------------------------------------------------------------------------------
Start IO Insertion
---------------------------------------------------------------------------------
---------------------------------------------------------------------------------
Start Flattening Before IO Insertion
---------------------------------------------------------------------------------
---------------------------------------------------------------------------------
Finished Flattening Before IO Insertion
---------------------------------------------------------------------------------
---------------------------------------------------------------------------------
Start Final Netlist Cleanup
---------------------------------------------------------------------------------
---------------------------------------------------------------------------------
Finished Final Netlist Cleanup
---------------------------------------------------------------------------------
---------------------------------------------------------------------------------
Finished IO Insertion : Time (s): cpu = 00:00:17 ; elapsed = 00:00:31 . Memory (MB): peak = 2262.203 ; gain = 397.172 ; free physical = 732405 ; free virtual = 754557
---------------------------------------------------------------------------------
---------------------------------------------------------------------------------
Start Renaming Generated Instances
---------------------------------------------------------------------------------
---------------------------------------------------------------------------------
Finished Renaming Generated Instances : Time (s): cpu = 00:00:17 ; elapsed = 00:00:31 . Memory (MB): peak = 2262.203 ; gain = 397.172 ; free physical = 732405 ; free virtual = 754557
---------------------------------------------------------------------------------

Report RTL Partitions: 
+-+--------------+------------+----------+
| |RTL Partition |Replication |Instances |
+-+--------------+------------+----------+
+-+--------------+------------+----------+

Report Check Netlist: 
+------+------------------+-------+---------+-------+------------------+
|      |Item              |Errors |Warnings |Status |Description       |
+------+------------------+-------+---------+-------+------------------+
|1     |multi_driven_nets |      0|        0|Passed |Multi driven nets |
+------+------------------+-------+---------+-------+------------------+
---------------------------------------------------------------------------------
Start Rebuilding User Hierarchy
---------------------------------------------------------------------------------
---------------------------------------------------------------------------------
Finished Rebuilding User Hierarchy : Time (s): cpu = 00:00:17 ; elapsed = 00:00:31 . Memory (MB): peak = 2262.203 ; gain = 397.172 ; free physical = 732405 ; free virtual = 754557
---------------------------------------------------------------------------------
---------------------------------------------------------------------------------
Start Renaming Generated Ports
---------------------------------------------------------------------------------
---------------------------------------------------------------------------------
Finished Renaming Generated Ports : Time (s): cpu = 00:00:17 ; elapsed = 00:00:31 . Memory (MB): peak = 2262.203 ; gain = 397.172 ; free physical = 732405 ; free virtual = 754557
---------------------------------------------------------------------------------
---------------------------------------------------------------------------------
Start Handling Custom Attributes
---------------------------------------------------------------------------------
---------------------------------------------------------------------------------
Finished Handling Custom Attributes : Time (s): cpu = 00:00:17 ; elapsed = 00:00:31 . Memory (MB): peak = 2262.203 ; gain = 397.172 ; free physical = 732405 ; free virtual = 754557
---------------------------------------------------------------------------------
---------------------------------------------------------------------------------
Start Renaming Generated Nets
---------------------------------------------------------------------------------
---------------------------------------------------------------------------------
Finished Renaming Generated Nets : Time (s): cpu = 00:00:17 ; elapsed = 00:00:31 . Memory (MB): peak = 2262.203 ; gain = 397.172 ; free physical = 732405 ; free virtual = 754557
---------------------------------------------------------------------------------
---------------------------------------------------------------------------------
Start Writing Synthesis Report
---------------------------------------------------------------------------------

Report BlackBoxes: 
+-+--------------+----------+
| |BlackBox name |Instances |
+-+--------------+----------+
+-+--------------+----------+

Report Cell Usage: 
+------+-------+------+
|      |Cell   |Count |
+------+-------+------+
|1     |CARRY4 |     8|
|2     |LUT1   |     1|
|3     |LUT4   |     4|
|4     |LUT5   |    36|
|5     |FDCE   |    32|
+------+-------+------+

Report Instance Areas: 
+------+---------+-----------------------+------+
|      |Instance |Module                 |Cells |
+------+---------+-----------------------+------+
|1     |top      |                       |    81|
|2     |  inst   |enabled_binary_counter |    81|
+------+---------+-----------------------+------+
---------------------------------------------------------------------------------
Finished Writing Synthesis Report : Time (s): cpu = 00:00:17 ; elapsed = 00:00:31 . Memory (MB): peak = 2262.203 ; gain = 397.172 ; free physical = 732405 ; free virtual = 754557
---------------------------------------------------------------------------------
Synthesis finished with 0 errors, 0 critical warnings and 0 warnings.
Synthesis Optimization Runtime : Time (s): cpu = 00:00:15 ; elapsed = 00:00:28 . Memory (MB): peak = 2262.203 ; gain = 261.398 ; free physical = 732459 ; free virtual = 754611
Synthesis Optimization Complete : Time (s): cpu = 00:00:17 ; elapsed = 00:00:31 . Memory (MB): peak = 2262.203 ; gain = 397.172 ; free physical = 732543 ; free virtual = 754696
INFO: [Project 1-571] Translating synthesized netlist
Netlist sorting complete. Time (s): cpu = 00:00:00 ; elapsed = 00:00:00 . Memory (MB): peak = 2262.203 ; gain = 0.000 ; free physical = 732535 ; free virtual = 754688
INFO: [Netlist 29-17] Analyzing 8 Unisim elements for replacement
INFO: [Netlist 29-28] Unisim Transformation completed in 0 CPU seconds
INFO: [Project 1-570] Preparing netlist for logic optimization
INFO: [Opt 31-138] Pushed 0 inverter(s) to 0 load pin(s).
Netlist sorting complete. Time (s): cpu = 00:00:00 ; elapsed = 00:00:00 . Memory (MB): peak = 2262.203 ; gain = 0.000 ; free physical = 732475 ; free virtual = 754627
INFO: [Project 1-111] Unisim Transformation Summary:
No Unisim elements were transformed.

INFO: [Common 17-83] Releasing license: Synthesis
20 Infos, 3 Warnings, 0 Critical Warnings and 0 Errors encountered.
synth_design completed successfully
synth_design: Time (s): cpu = 00:00:24 ; elapsed = 00:00:52 . Memory (MB): peak = 2262.203 ; gain = 721.023 ; free physical = 732608 ; free virtual = 754760
Netlist sorting complete. Time (s): cpu = 00:00:00 ; elapsed = 00:00:00 . Memory (MB): peak = 2262.203 ; gain = 0.000 ; free physical = 732608 ; free virtual = 754760
WARNING: [Constraints 18-5210] No constraints selected for write.
Resolution: This message can indicate that there are no constraints for the design, or it can indicate that the used_in flags are set such that the constraints are ignored. This later case is used when running synth_design to not write synthesis constraints to the resulting checkpoint. Instead, project constraints are read when the synthesized design is opened.
INFO: [Common 17-1381] The checkpoint '/users/nalarcon/k410t_jesd/k410t_jesd.runs/design_1_enabled_binary_count_0_0_synth_1/design_1_enabled_binary_count_0_0.dcp' has been generated.
WARNING: [Common 17-576] 'use_project_ipc' is deprecated. This option is deprecated and no longer used.
Netlist sorting complete. Time (s): cpu = 00:00:00 ; elapsed = 00:00:00 . Memory (MB): peak = 2262.203 ; gain = 0.000 ; free physical = 732609 ; free virtual = 754761
WARNING: [Constraints 18-5210] No constraints selected for write.
Resolution: This message can indicate that there are no constraints for the design, or it can indicate that the used_in flags are set such that the constraints are ignored. This later case is used when running synth_design to not write synthesis constraints to the resulting checkpoint. Instead, project constraints are read when the synthesized design is opened.
INFO: [Common 17-1381] The checkpoint '/users/nalarcon/k410t_jesd/k410t_jesd.runs/design_1_enabled_binary_count_0_0_synth_1/design_1_enabled_binary_count_0_0.dcp' has been generated.
INFO: [runtcl-4] Executing : report_utilization -file design_1_enabled_binary_count_0_0_utilization_synth.rpt -pb design_1_enabled_binary_count_0_0_utilization_synth.pb
INFO: [Common 17-206] Exiting Vivado at Fri Feb  9 16:52:44 2024...
